{"numTotalTestSuites":2,"numPassedTestSuites":0,"numFailedTestSuites":2,"numPendingTestSuites":0,"numTotalTests":11,"numPassedTests":5,"numFailedTests":6,"numPendingTests":0,"numTodoTests":0,"snapshot":{"added":0,"failure":false,"filesAdded":0,"filesRemoved":0,"filesRemovedList":[],"filesUnmatched":0,"filesUpdated":0,"matched":0,"total":0,"unchecked":0,"uncheckedKeysByFile":[],"unmatched":0,"updated":0,"didUpdate":false},"startTime":1790178142334,"success":false,"testResults":[{"assertionResults":[{"ancestorTitles":["TransactionDialog"],"fullName":"TransactionDialog defaults to expense - saving without touching the sign toggle produces a negative amount","status":"failed","title":"defaults to expense - saving without touching the sign toggle produces a negative amount","duration":533.8862000000004,"failureMessages":["TestingLibraryElementError: Unable to find an accessible element with the role \"option\" and name `/groceries/i`\n\nHere are the accessible roles:\n\n  dialog:\n\n  Name \"New transaction\":\n  \u001b[36m<div\u001b[39m\n    \u001b[33maria-labelledby\u001b[39m=\u001b[32m\"transaction-dialog-title\"\u001b[39m\n    \u001b[33maria-modal\u001b[39m=\u001b[32m\"true\"\u001b[39m\n    \u001b[33mclass\u001b[39m=\u001b[32m\"_dialog_7cc3ba\"\u001b[39m\n    \u001b[33mrole\u001b[39m=\u001b[32m\"dialog\"\u001b[39m\n  \u001b[36m/>\u001b[39m\n\n  --------------------------------------------------\n  heading:\n\n  Name \"New transaction\":\n  \u001b[36m<h2\u001b[39m\n    \u001b[33mclass\u001b[39m=\u001b[32m\"_title_a4187e\"\u001b[39m\n    \u001b[33mid\u001b[39m=\u001b[32m\"transaction-dialog-title\"\u001b[39m\n  \u001b[36m/>\u001b[39m\n\n  --------------------------------------------------\n  button:\n\n  Name \"Select a category\":\n  \u001b[36m<button\u001b[39m\n    \u001b[33maria-controls\u001b[39m=\u001b[32m\"tx-category-label-listbox\"\u001b[39m\n    \u001b[33maria-expanded\u001b[39m=\u001b[32m\"false\"\u001b[39m\n    \u001b[33maria-haspopup\u001b[39m=\u001b[32m\"listbox\"\u001b[39m\n    \u001b[33mclass\u001b[39m=\u001b[32m\"_trigger_d4facd\"\u001b[39m\n    \u001b[33mid\u001b[39m=\u001b[32m\"tx-category-label\"\u001b[39m\n    \u001b[33mtype\u001b[39m=\u001b[32m\"button\"\u001b[39m\n  \u001b[36m/>\u001b[39m\n\n  Name \"Expense\":\n  \u001b[36m<button\u001b[39m\n    \u001b[33maria-label\u001b[39m=\u001b[32m\"Expense\"\u001b[39m\n    \u001b[33maria-pressed\u001b[39m=\u001b[32m\"true\"\u001b[39m\n    \u001b[33mclass\u001b[39m=\u001b[32m\"_signButton_a4187e _signButtonActive_a4187e\"\u001b[39m\n    \u001b[33mtype\u001b[39m=\u001b[32m\"button\"\u001b[39m\n  \u001b[36m/>\u001b[39m\n\n  Name \"Income\":\n  \u001b[36m<button\u001b[39m\n    \u001b[33maria-label\u001b[39m=\u001b[32m\"Income\"\u001b[39m\n    \u001b[33maria-pressed\u001b[39m=\u001b[32m\"false\"\u001b[39m\n    \u001b[33mclass\u001b[39m=\u001b[32m\"_signButton_a4187e \"\u001b[39m\n    \u001b[33mtype\u001b[39m=\u001b[32m\"button\"\u001b[39m\n  \u001b[36m/>\u001b[39m\n\n  Name \"Cancel\":\n  \u001b[36m<button\u001b[39m\n    \u001b[33mclass\u001b[39m=\u001b[32m\"_button_0829c1 _secondary_0829c1\"\u001b[39m\n    \u001b[33mtype\u001b[39m=\u001b[32m\"button\"\u001b[39m\n  \u001b[36m/>\u001b[39m\n\n  Name \"Save · ⏎\":\n  \u001b[36m<button\u001b[39m\n    \u001b[33mclass\u001b[39m=\u001b[32m\"_button_0829c1 _primary_0829c1\"\u001b[39m\n    \u001b[33mdisabled\u001b[39m=\u001b[32m\"\"\u001b[39m\n    \u001b[33mtype\u001b[39m=\u001b[32m\"submit\"\u001b[39m\n  \u001b[36m/>\u001b[39m\n\n  --------------------------------------------------\n  group:\n\n  Name \"Direction\":\n  \u001b[36m<div\u001b[39m\n    \u001b[33maria-label\u001b[39m=\u001b[32m\"Direction\"\u001b[39m\n    \u001b[33mclass\u001b[39m=\u001b[32m\"_signToggle_a4187e\"\u001b[39m\n    \u001b[33mrole\u001b[39m=\u001b[32m\"group\"\u001b[39m\n  \u001b[36m/>\u001b[39m\n\n  --------------------------------------------------\n  spinbutton:\n\n  Name \"Direction · amount\":\n  \u001b[36m<input\u001b[39m\n    \u001b[33mclass\u001b[39m=\u001b[32m\"_amountInput_a4187e\"\u001b[39m\n    \u001b[33mid\u001b[39m=\u001b[32m\"tx-amount\"\u001b[39m\n    \u001b[33minputmode\u001b[39m=\u001b[32m\"decimal\"\u001b[39m\n    \u001b[33mmin\u001b[39m=\u001b[32m\"0\"\u001b[39m\n    \u001b[33mplaceholder\u001b[39m=\u001b[32m\"0.00\"\u001b[39m\n    \u001b[33mrequired\u001b[39m=\u001b[32m\"\"\u001b[39m\n    \u001b[33mstep\u001b[39m=\u001b[32m\"0.05\"\u001b[39m\n    \u001b[33mtype\u001b[39m=\u001b[32m\"number\"\u001b[39m\n    \u001b[33mvalue\u001b[39m=\u001b[32m\"48.9\"\u001b[39m\n  \u001b[36m/>\u001b[39m\n\n  --------------------------------------------------\n  textbox:\n\n  Name \"Description\":\n  \u001b[36m<input\u001b[39m\n    \u001b[33mclass\u001b[39m=\u001b[32m\"_input_a4187e\"\u001b[39m\n    \u001b[33mid\u001b[39m=\u001b[32m\"tx-description\"\u001b[39m\n    \u001b[33mrequired\u001b[39m=\u001b[32m\"\"\u001b[39m\n    \u001b[33mtype\u001b[39m=\u001b[32m\"text\"\u001b[39m\n    \u001b[33mvalue\u001b[39m=\u001b[32m\"Migros\"\u001b[39m\n  \u001b[36m/>\u001b[39m\n\n  Name \"\":\n  \u001b[36m<input\u001b[39m\n    \u001b[33mclass\u001b[39m=\u001b[32m\"_tagInput_a4187e\"\u001b[39m\n    \u001b[33mplaceholder\u001b[39m=\u001b[32m\"Add a tag…\"\u001b[39m\n    \u001b[33mtype\u001b[39m=\u001b[32m\"text\"\u001b[39m\n    \u001b[33mvalue\u001b[39m=\u001b[32m\"\"\u001b[39m\n  \u001b[36m/>\u001b[39m\n\n  --------------------------------------------------\n  checkbox:\n\n  Name \"Keep open to add another\":\n  \u001b[36m<input\u001b[39m\n    \u001b[33mtype\u001b[39m=\u001b[32m\"checkbox\"\u001b[39m\n  \u001b[36m/>\u001b[39m\n\n  --------------------------------------------------\n\nIgnored nodes: comments, script, style\n\u001b[36m<body>\u001b[39m\n  \u001b[36m<div />\u001b[39m\n  \u001b[36m<div\u001b[39m\n    \u001b[33mclass\u001b[39m=\u001b[32m\"_backdrop_7cc3ba\"\u001b[39m\n  \u001b[36m>\u001b[39m\n    \u001b[36m<div\u001b[39m\n      \u001b[33maria-labelledby\u001b[39m=\u001b[32m\"transaction-dialog-title\"\u001b[39m\n      \u001b[33maria-modal\u001b[39m=\u001b[32m\"true\"\u001b[39m\n      \u001b[33mclass\u001b[39m=\u001b[32m\"_dialog_7cc3ba\"\u001b[39m\n      \u001b[33mrole\u001b[39m=\u001b[32m\"dialog\"\u001b[39m\n    \u001b[36m>\u001b[39m\n      \u001b[36m<div\u001b[39m\n        \u001b[33mclass\u001b[39m=\u001b[32m\"_header_a4187e\"\u001b[39m\n      \u001b[36m>\u001b[39m\n        \u001b[36m<h2\u001b[39m\n          \u001b[33mclass\u001b[39m=\u001b[32m\"_title_a4187e\"\u001b[39m\n          \u001b[33mid\u001b[39m=\u001b[32m\"transaction-dialog-title\"\u001b[39m\n        \u001b[36m>\u001b[39m\n          \u001b[0mNew transaction\u001b[0m\n        \u001b[36m</h2>\u001b[39m\n        \u001b[36m<span\u001b[39m\n          \u001b[33mclass\u001b[39m=\u001b[32m\"_hint_a4187e\"\u001b[39m\n        \u001b[36m>\u001b[39m\n          \u001b[0mEsc to cancel\u001b[0m\n        \u001b[36m</span>\u001b[39m\n      \u001b[36m</div>\u001b[39m\n      \u001b[36m<form\u001b[39m\n        \u001b[33mclass\u001b[39m=\u001b[32m\"_form_a4187e\"\u001b[39m\n      \u001b[36m>\u001b[39m\n        \u001b[36m<div\u001b[39m\n          \u001b[33mclass\u001b[39m=\u001b[32m\"_row_a4187e\"\u001b[39m\n        \u001b[36m>\u001b[39m\n          \u001b[36m<div\u001b[39m\n            \u001b[33mclass\u001b[39m=\u001b[32m\"_field_a4187e\"\u001b[39m\n          \u001b[36m>\u001b[39m\n            \u001b[36m<label\u001b[39m\n              \u001b[33mclass\u001b[39m=\u001b[32m\"_label_a4187e\"\u001b[39m\n              \u001b[33mfor\u001b[39m=\u001b[32m\"tx-date\"\u001b[39m\n            \u001b[36m>\u001b[39m\n              \u001b[0mDate\u001b[0m\n            \u001b[36m</label>\u001b[39m\n            \u001b[36m<input\u001b[39m\n              \u001b[33mclass\u001b[39m=\u001b[32m\"_input_a4187e\"\u001b[39m\n              \u001b[33mid\u001b[39m=\u001b[32m\"tx-date\"\u001b[39m\n              \u001b[33mrequired\u001b[39m=\u001b[32m\"\"\u001b[39m\n              \u001b[33mtype\u001b[39m=\u001b[32m\"date\"\u001b[39m\n              \u001b[33mvalue\u001b[39m=\u001b[32m\"2026-09-25\"\u001b[39m\n            \u001b[36m/>\u001b[39m\n          \u001b[36m</div>\u001b[39m\n          \u001b[36m<div\u001b[39m\n            \u001b[33mclass\u001b[39m=\u001b[32m\"_field_a4187e\"\u001b[39m\n          \u001b[36m>\u001b[39m\n            \u001b[36m<span\u001b[39m\n              \u001b[33mclass\u001b[39m=\u001b[32m\"_label_a4187e\"\u001b[39m\n              \u001b[33mid\u001b[39m=\u001b[32m\"tx-category-label\"\u001b[39m\n            \u001b[36m>\u001b[39m\n              \u001b[0mCategory\u001b[0m\n            \u001b[36m</span>\u001b[39m\n            \u001b[36m<div\u001b[39m\n              \u001b[33mclass\u001b[39m=\u001b[32m\"_root_d4facd\"\u001b[39m\n            \u001b[36m>\u001b[39m\n              \u001b[36m<button\u001b[39m\n                \u001b[33maria-controls\u001b[39m=\u001b[32m\"tx-category-label-listbox\"\u001b[39m\n                \u001b[33maria-expanded\u001b[39m=\u001b[32m\"false\"\u001b[39m\n                \u001b[33maria-haspopup\u001b[39m=\u001b[32m\"listbox\"\u001b[39m\n                \u001b[33mclass\u001b[39m=\u001b[32m\"_trigger_d4facd\"\u001b[39m\n                \u001b[33mid\u001b[39m=\u001b[32m\"tx-category-label\"\u001b[39m\n                \u001b[33mtype\u001b[39m=\u001b[32m\"button\"\u001b[39m\n              \u001b[36m>\u001b[39m\n                \u001b[36m<span\u001b[39m\n                  \u001b[33mclass\u001b[39m=\u001b[32m\"_triggerLabel_d4facd\"\u001b[39m\n                \u001b[36m>\u001b[39m\n                  \u001b[0mSelect a category\u001b[0m\n                \u001b[36m</span>\u001b[39m\n                \u001b[36m<svg\u001b[39m\n                  \u001b[33maria-hidden\u001b[39m=\u001b[32m\"true\"\u001b[39m\n                  \u001b[33mclass\u001b[39m=\u001b[32m\"_chevron_d4facd\"\u001b[39m\n                  \u001b[33mfill\u001b[39m=\u001b[32m\"none\"\u001b[39m\n                  \u001b[33mheight\u001b[39m=\u001b[32m\"16\"\u001b[39m\n                  \u001b[33mstroke\u001b[39m=\u001b[32m\"currentColor\"\u001b[39m\n                  \u001b[33mstroke-linecap\u001b[39m=\u001b[32m\"round\"\u001b[39m\n                  \u001b[33mstroke-linejoin\u001b[39m=\u001b[32m\"round\"\u001b[39m\n                  \u001b[33mstroke-width\u001b[39m=\u001b[32m\"1.8\"\u001b[39m\n                  \u001b[33mviewBox\u001b[39m=\u001b[32m\"0 0 24 24\"\u001b[39m\n                  \u001b[33mwidth\u001b[39m=\u001b[32m\"16\"\u001b[39m\n                \u001b[36m>\u001b[39m\n                  \u001b[36m<path\u001b[39m\n                    \u001b[33md\u001b[39m=\u001b[32m\"M5 9l7 7 7-7\"\u001b[39m\n                  \u001b[36m/>\u001b[39m\n                \u001b[36m</svg>\u001b[39m\n              \u001b[36m</button>\u001b[39m\n            \u001b[36m</div>\u001b[39m\n          \u001b[36m</div>\u001b[39m\n        \u001b[36m</div>\u001b[39m\n        \u001b[36m<div\u001b[39m\n          \u001b[33mclass\u001b[39m=\u001b[32m\"_row_a4187e\"\u001b[39m\n        \u001b[36m>\u001b[39m\n          \u001b[36m<div\u001b[39m\n            \u001b[33mclass\u001b[39m=\u001b[32m\"_field_a4187e _amountField_a4187e\"\u001b[39m\n          \u001b[36m>\u001b[39m\n            \u001b[36m<label\u001b[39m\n              \u001b[33mclass\u001b[39m=\u001b[32m\"_label_a4187e\"\u001b[39m\n              \u001b[33mfor\u001b[39m=\u001b[32m\"tx-amount\"\u001b[39m\n            \u001b[36m>\u001b[39m\n              \u001b[0mDirection · amount\u001b[0m\n            \u001b[36m</label>\u001b[39m\n            \u001b[36m<div\u001b[39m\n              \u001b[33mclass\u001b[39m=\u001b[32m\"_amountRow_a4187e\"\u001b[39m\n            \u001b[36m>\u001b[39m\n              \u001b[36m<div\u001b[39m\n                \u001b[33maria-label\u001b[39m=\u001b[32m\"Direction\"\u001b[39m\n                \u001b[33mclass\u001b[39m=\u001b[32m\"_signToggle_a4187e\"\u001b[39m\n                \u001b[33mrole\u001b[39m=\u001b[32m\"group\"\u001b[39m\n              \u001b[36m>\u001b[39m\n                \u001b[36m<button\u001b[39m\n                  \u001b[33maria-label\u001b[39m=\u001b[32m\"Expense\"\u001b[39m\n                  \u001b[33maria-pressed\u001b[39m=\u001b[32m\"true\"\u001b[39m\n                  \u001b[33mclass\u001b[39m=\u001b[32m\"_signButton_a4187e _signButtonActive_a4187e\"\u001b[39m\n                  \u001b[33mtype\u001b[39m=\u001b[32m\"button\"\u001b[39m\n                \u001b[36m>\u001b[39m\n                  \u001b[36m<svg\u001b[39m\n                    \u001b[33maria-hidden\u001b[39m=\u001b[32m\"true\"\u001b[39m\n                    \u001b[33mfill\u001b[39m=\u001b[32m\"none\"\u001b[39m\n                    \u001b[33mheight\u001b[39m=\u001b[32m\"14\"\u001b[39m\n                    \u001b[33mstroke\u001b[39m=\u001b[32m\"currentColor\"\u001b[39m\n                    \u001b[33mstroke-linecap\u001b[39m=\u001b[32m\"round\"\u001b[39m\n                    \u001b[33mstroke-linejoin\u001b[39m=\u001b[32m\"round\"\u001b[39m\n                    \u001b[33mstroke-width\u001b[39m=\u001b[32m\"1.8\"\u001b[39m\n                    \u001b[33mviewBox\u001b[39m=\u001b[32m\"0 0 24 24\"\u001b[39m\n                    \u001b[33mwidth\u001b[39m=\u001b[32m\"14\"\u001b[39m\n                  \u001b[36m>\u001b[39m\n                    \u001b[36m<path\u001b[39m\n                      \u001b[33md\u001b[39m=\u001b[32m\"M5 12h14\"\u001b[39m\n                    \u001b[36m/>\u001b[39m\n                  \u001b[36m</svg>\u001b[39m\n                \u001b[36m</button>\u001b[39m\n                \u001b[36m<button\u001b[39m\n                  \u001b[33maria-label\u001b[39m=\u001b[32m\"Income\"\u001b[39m\n                  \u001b[33maria-pressed\u001b[39m=\u001b[32m\"false\"\u001b[39m\n                  \u001b[33mclass\u001b[39m=\u001b[32m\"_signButton_a4187e \"\u001b[39m\n                  \u001b[33mtype\u001b[39m=\u001b[32m\"button\"\u001b[39m\n                \u001b[36m>\u001b[39m\n                  \u001b[36m<svg\u001b[39m\n                    \u001b[33maria-hidden\u001b[39m=\u001b[32m\"true\"\u001b[39m\n                    \u001b[33mfill\u001b[39m=\u001b[32m\"none\"\u001b[39m\n                    \u001b[33mheight\u001b[39m=\u001b[32m\"14\"\u001b[39m\n                    \u001b[33mstroke\u001b[39m=\u001b[32m\"currentColor\"\u001b[39m\n                    \u001b[33mstroke-linecap\u001b[39m=\u001b[32m\"round\"\u001b[39m\n                    \u001b[33mstroke-linejoin\u001b[39m=\u001b[32m\"round\"\u001b[39m\n                    \u001b[33mstroke-width\u001b[39m=\u001b[32m\"1.8\"\u001b[39m\n                    \u001b[33mviewBox\u001b[39m=\u001b[32m\"0 0 24 24\"\u001b[39m\n                    \u001b[33mwidth\u001b[39m=\u001b[32m\"14\"\u001b[39m\n                  \u001b[36m>\u001b[39m\n                    \u001b[36m<path\u001b[39m\n                      \u001b[33md\u001b[39m=\u001b[32m\"M12 5v14M5 12h14\"\u001b[39m\n                    \u001b[36m/>\u001b[39m\n                  \u001b[36m</svg>\u001b[39m\n                \u001b[36m</button>\u001b[39m\n              \u001b[36m</div>\u001b[39m\n              \u001b[36m<div\u001b[39m\n                \u001b[33mclass\u001b[39m=\u001b[32m\"_amountInputWrap_a4187e\"\u001b[39m\n              \u001b[36m>\u001b[39m\n                \u001b[36m<input\u001b[39m\n                  \u001b[33mclass\u001b[39m=\u001b[32m\"_amountInput_a4187e\"\u001b[39m\n                  \u001b[33mid\u001b[39m=\u001b[32m\"tx-amount\"\u001b[39m\n                  \u001b[33minputmode\u001b[39m=\u001b[32m\"decimal\"\u001b[39m\n                  \u001b[33mmin\u001b[39m=\u001b[32m\"0\"\u001b[39m\n                  \u001b[33mplaceholder\u001b[39m=\u001b[32m\"0.00\"\u001b[39m\n                  \u001b[33mrequired\u001b[39m=\u001b[32m\"\"\u001b[39m\n                  \u001b[33mstep\u001b[39m=\u001b[32m\"0.05\"\u001b[39m\n                  \u001b[33mtype\u001b[39m=\u001b[32m\"number\"\u001b[39m\n                  \u001b[33mvalue\u001b[39m=\u001b[32m\"48.9\"\u001b[39m\n                \u001b[36m/>\u001b[39m\n                \u001b[36m<span\u001b[39m\n                  \u001b[33mclass\u001b[39m=\u001b[32m\"_currency_a4187e\"\u001b[39m\n                \u001b[36m>\u001b[39m\n                  \u001b[0mCHF\u001b[0m\n                \u001b[36m</span>\u001b[39m\n              \u001b[36m</div>\u001b[39m\n            \u001b[36m</div>\u001b[39m\n          \u001b[36m</div>\u001b[39m\n        \u001b[36m</div>\u001b[39m\n        \u001b[36m<div\u001b[39m\n          \u001b[33mclass\u001b[39m=\u001b[32m\"_field_a4187e\"\u001b[39m\n        \u001b[36m>\u001b[39m\n          \u001b[36m<label\u001b[39m\n            \u001b[33mclass\u001b[39m=\u001b[32m\"_label_a4187e\"\u001b[39m\n            \u001b[33mfor\u001b[39m=\u001b[32m\"tx-description\"\u001b[39m\n          \u001b[36m>\u001b[39m\n            \u001b[0mDescription\u001b[0m\n          \u001b[36m</label>\u001b[39m\n          \u001b[36m<input\u001b[39m\n            \u001b[33mclass\u001b[39m=\u001b[32m\"_input_a4187e\"\u001b[39m\n            \u001b[33mid\u001b[39m=\u001b[32m\"tx-description\"\u001b[39m\n            \u001b[33mrequired\u001b[39m=\u001b[32m\"\"\u001b[39m\n            \u001b[33mtype\u001b[39m=\u001b[32m\"text\"\u001b[39m\n            \u001b[33mvalue\u001b[39m=\u001b[32m\"Migros\"\u001b[39m\n          \u001b[36m/>\u001b[39m\n        \u001b[36m</div>\u001b[39m\n        \u001b[36m<div\u001b[39m\n          \u001b[33mclass\u001b[39m=\u001b[32m\"_field_a4187e\"\u001b[39m\n        \u001b[36m>\u001b[39m\n          \u001b[36m<span\u001b[39m\n            \u001b[33mclass\u001b[39m=\u001b[32m\"_label_a4187e\"\u001b[39m\n            \u001b[33mid\u001b[39m=\u001b[32m\"tx-tags-label\"\u001b[39m\n          \u001b[36m>\u001b[39m\n            \u001b[0mTags\u001b[0m\n          \u001b[36m</span>\u001b[39m\n          \u001b[36m<div\u001b[39m\n            \u001b[33maria-labelledby\u001b[39m=\u001b[32m\"tx-tags-label\"\u001b[39m\n            \u001b[33mclass\u001b[39m=\u001b[32m\"_tagsField_a4187e\"\u001b[39m\n          \u001b[36m>\u001b[39m\n            \u001b[36m<input\u001b[39m\n              \u001b[33mclass\u001b[39m=\u001b[32m\"_tagInput_a4187e\"\u001b[39m\n              \u001b[33mplaceholder\u001b[39m=\u001b[32m\"Add a tag…\"\u001b[39m\n              \u001b[33mtype\u001b[39m=\u001b[32m\"text\"\u001b[39m\n              \u001b[33mvalue\u001b[39m=\u001b[32m\"\"\u001b[39m\n            \u001b[36m/>\u001b[39m\n          \u001b[36m</div>\u001b[39m\n        \u001b[36m</div>\u001b[39m\n        \u001b[36m<div\u001b[39m\n          \u001b[33mclass\u001b[39m=\u001b[32m\"_footer_a4187e\"\u001b[39m\n        \u001b[36m>\u001b[39m\n          \u001b[36m<label\u001b[39m\n            \u001b[33mclass\u001b[39m=\u001b[32m\"_keepOpen_a4187e\"\u001b[39m\n          \u001b[36m>\u001b[39m\n            \u001b[36m<input\u001b[39m\n              \u001b[33mtype\u001b[39m=\u001b[32m\"checkbox\"\u001b[39m\n            \u001b[36m/>\u001b[39m\n            \u001b[0mKeep open to add another\u001b[0m\n          \u001b[36m</label>\u001b[39m\n          \u001b[36m<div\u001b[39m\n            \u001b[33mclass\u001b[39m=\u001b[32m\"_footerActions_a4187e\"\u001b[39m\n          \u001b[36m>\u001b[39m\n            \u001b[36m<button\u001b[39m\n              \u001b[33mclass\u001b[39m=\u001b[32m\"_button_0829c1 _secondary_0829c1\"\u001b[39m\n              \u001b[33mtype\u001b[39m=\u001b[32m\"button\"\u001b[39m\n            \u001b[36m>\u001b[39m\n              \u001b[0mCancel\u001b[0m\n            \u001b[36m</button>\u001b[39m\n            \u001b[36m<button\u001b[39m\n              \u001b[33mclass\u001b[39m=\u001b[32m\"_button_0829c1 _primary_0829c1\"\u001b[39m\n              \u001b[33mdisabled\u001b[39m=\u001b[32m\"\"\u001b[39m\n              \u001b[33mtype\u001b[39m=\u001b[32m\"submit\"\u001b[39m\n            \u001b[36m>\u001b[39m\n              \u001b[0mSave · ⏎\u001b[0m\n            \u001b[36m</button>\u001b[39m\n          \u001b[36m</div>\u001b[39m\n        \u001b[36m</div>\u001b[39m\n      \u001b[36m</form>\u001b[39m\n    \u001b[36m</div>\u001b[39m\n  \u001b[36m</div>\u001b[39m\n\u001b[36m</body>\u001b[39m\n    at Object.getElementError (C:\\Users\\prave\\cleard\\frontend\\node_modules\\@testing-library\\dom\\dist\\config.js:37:19)\n    at C:\\Users\\prave\\cleard\\frontend\\node_modules\\@testing-library\\dom\\dist\\query-helpers.js:76:38\n    at C:\\Users\\prave\\cleard\\frontend\\node_modules\\@testing-library\\dom\\dist\\query-helpers.js:52:17\n    at getByRole (C:\\Users\\prave\\cleard\\frontend\\node_modules\\@testing-library\\dom\\dist\\query-helpers.js:95:19)\n    at pickCategory (C:\\Users\\prave\\cleard\\frontend\\src\\features\\transactions\\TransactionDialog.test.tsx:42:29)\n    at fillCommonFields (C:\\Users\\prave\\cleard\\frontend\\src\\features\\transactions\\TransactionDialog.test.tsx:48:5)\n    at C:\\Users\\prave\\cleard\\frontend\\src\\features\\transactions\\TransactionDialog.test.tsx:76:9\n    at file:///C:/Users/prave/cleard/frontend/node_modules/@vitest/runner/dist/chunk-hooks.js:752:20"],"meta":{}},{"ancestorTitles":["TransactionDialog"],"fullName":"TransactionDialog picking an income category flips the sign to positive","status":"failed","title":"picking an income category flips the sign to positive","duration":371.1767,"failureMessages":["TestingLibraryElementError: Unable to find an accessible element with the role \"option\" and name `/salary/i`\n\nHere are the accessible roles:\n\n  dialog:\n\n  Name \"New transaction\":\n  \u001b[36m<div\u001b[39m\n    \u001b[33maria-labelledby\u001b[39m=\u001b[32m\"transaction-dialog-title\"\u001b[39m\n    \u001b[33maria-modal\u001b[39m=\u001b[32m\"true\"\u001b[39m\n    \u001b[33mclass\u001b[39m=\u001b[32m\"_dialog_7cc3ba\"\u001b[39m\n    \u001b[33mrole\u001b[39m=\u001b[32m\"dialog\"\u001b[39m\n  \u001b[36m/>\u001b[39m\n\n  --------------------------------------------------\n  heading:\n\n  Name \"New transaction\":\n  \u001b[36m<h2\u001b[39m\n    \u001b[33mclass\u001b[39m=\u001b[32m\"_title_a4187e\"\u001b[39m\n    \u001b[33mid\u001b[39m=\u001b[32m\"transaction-dialog-title\"\u001b[39m\n  \u001b[36m/>\u001b[39m\n\n  --------------------------------------------------\n  button:\n\n  Name \"Select a category\":\n  \u001b[36m<button\u001b[39m\n    \u001b[33maria-controls\u001b[39m=\u001b[32m\"tx-category-label-listbox\"\u001b[39m\n    \u001b[33maria-expanded\u001b[39m=\u001b[32m\"false\"\u001b[39m\n    \u001b[33maria-haspopup\u001b[39m=\u001b[32m\"listbox\"\u001b[39m\n    \u001b[33mclass\u001b[39m=\u001b[32m\"_trigger_d4facd\"\u001b[39m\n    \u001b[33mid\u001b[39m=\u001b[32m\"tx-category-label\"\u001b[39m\n    \u001b[33mtype\u001b[39m=\u001b[32m\"button\"\u001b[39m\n  \u001b[36m/>\u001b[39m\n\n  Name \"Expense\":\n  \u001b[36m<button\u001b[39m\n    \u001b[33maria-label\u001b[39m=\u001b[32m\"Expense\"\u001b[39m\n    \u001b[33maria-pressed\u001b[39m=\u001b[32m\"true\"\u001b[39m\n    \u001b[33mclass\u001b[39m=\u001b[32m\"_signButton_a4187e _signButtonActive_a4187e\"\u001b[39m\n    \u001b[33mtype\u001b[39m=\u001b[32m\"button\"\u001b[39m\n  \u001b[36m/>\u001b[39m\n\n  Name \"Income\":\n  \u001b[36m<button\u001b[39m\n    \u001b[33maria-label\u001b[39m=\u001b[32m\"Income\"\u001b[39m\n    \u001b[33maria-pressed\u001b[39m=\u001b[32m\"false\"\u001b[39m\n    \u001b[33mclass\u001b[39m=\u001b[32m\"_signButton_a4187e \"\u001b[39m\n    \u001b[33mtype\u001b[39m=\u001b[32m\"button\"\u001b[39m\n  \u001b[36m/>\u001b[39m\n\n  Name \"Cancel\":\n  \u001b[36m<button\u001b[39m\n    \u001b[33mclass\u001b[39m=\u001b[32m\"_button_0829c1 _secondary_0829c1\"\u001b[39m\n    \u001b[33mtype\u001b[39m=\u001b[32m\"button\"\u001b[39m\n  \u001b[36m/>\u001b[39m\n\n  Name \"Save · ⏎\":\n  \u001b[36m<button\u001b[39m\n    \u001b[33mclass\u001b[39m=\u001b[32m\"_button_0829c1 _primary_0829c1\"\u001b[39m\n    \u001b[33mdisabled\u001b[39m=\u001b[32m\"\"\u001b[39m\n    \u001b[33mtype\u001b[39m=\u001b[32m\"submit\"\u001b[39m\n  \u001b[36m/>\u001b[39m\n\n  --------------------------------------------------\n  group:\n\n  Name \"Direction\":\n  \u001b[36m<div\u001b[39m\n    \u001b[33maria-label\u001b[39m=\u001b[32m\"Direction\"\u001b[39m\n    \u001b[33mclass\u001b[39m=\u001b[32m\"_signToggle_a4187e\"\u001b[39m\n    \u001b[33mrole\u001b[39m=\u001b[32m\"group\"\u001b[39m\n  \u001b[36m/>\u001b[39m\n\n  --------------------------------------------------\n  spinbutton:\n\n  Name \"Direction · amount\":\n  \u001b[36m<input\u001b[39m\n    \u001b[33mclass\u001b[39m=\u001b[32m\"_amountInput_a4187e\"\u001b[39m\n    \u001b[33mid\u001b[39m=\u001b[32m\"tx-amount\"\u001b[39m\n    \u001b[33minputmode\u001b[39m=\u001b[32m\"decimal\"\u001b[39m\n    \u001b[33mmin\u001b[39m=\u001b[32m\"0\"\u001b[39m\n    \u001b[33mplaceholder\u001b[39m=\u001b[32m\"0.00\"\u001b[39m\n    \u001b[33mrequired\u001b[39m=\u001b[32m\"\"\u001b[39m\n    \u001b[33mstep\u001b[39m=\u001b[32m\"0.05\"\u001b[39m\n    \u001b[33mtype\u001b[39m=\u001b[32m\"number\"\u001b[39m\n    \u001b[33mvalue\u001b[39m=\u001b[32m\"48.9\"\u001b[39m\n  \u001b[36m/>\u001b[39m\n\n  --------------------------------------------------\n  textbox:\n\n  Name \"Description\":\n  \u001b[36m<input\u001b[39m\n    \u001b[33mclass\u001b[39m=\u001b[32m\"_input_a4187e\"\u001b[39m\n    \u001b[33mid\u001b[39m=\u001b[32m\"tx-description\"\u001b[39m\n    \u001b[33mrequired\u001b[39m=\u001b[32m\"\"\u001b[39m\n    \u001b[33mtype\u001b[39m=\u001b[32m\"text\"\u001b[39m\n    \u001b[33mvalue\u001b[39m=\u001b[32m\"Salary\"\u001b[39m\n  \u001b[36m/>\u001b[39m\n\n  Name \"\":\n  \u001b[36m<input\u001b[39m\n    \u001b[33mclass\u001b[39m=\u001b[32m\"_tagInput_a4187e\"\u001b[39m\n    \u001b[33mplaceholder\u001b[39m=\u001b[32m\"Add a tag…\"\u001b[39m\n    \u001b[33mtype\u001b[39m=\u001b[32m\"text\"\u001b[39m\n    \u001b[33mvalue\u001b[39m=\u001b[32m\"\"\u001b[39m\n  \u001b[36m/>\u001b[39m\n\n  --------------------------------------------------\n  checkbox:\n\n  Name \"Keep open to add another\":\n  \u001b[36m<input\u001b[39m\n    \u001b[33mtype\u001b[39m=\u001b[32m\"checkbox\"\u001b[39m\n  \u001b[36m/>\u001b[39m\n\n  --------------------------------------------------\n\nIgnored nodes: comments, script, style\n\u001b[36m<body>\u001b[39m\n  \u001b[36m<div />\u001b[39m\n  \u001b[36m<div\u001b[39m\n    \u001b[33mclass\u001b[39m=\u001b[32m\"_backdrop_7cc3ba\"\u001b[39m\n  \u001b[36m>\u001b[39m\n    \u001b[36m<div\u001b[39m\n      \u001b[33maria-labelledby\u001b[39m=\u001b[32m\"transaction-dialog-title\"\u001b[39m\n      \u001b[33maria-modal\u001b[39m=\u001b[32m\"true\"\u001b[39m\n      \u001b[33mclass\u001b[39m=\u001b[32m\"_dialog_7cc3ba\"\u001b[39m\n      \u001b[33mrole\u001b[39m=\u001b[32m\"dialog\"\u001b[39m\n    \u001b[36m>\u001b[39m\n      \u001b[36m<div\u001b[39m\n        \u001b[33mclass\u001b[39m=\u001b[32m\"_header_a4187e\"\u001b[39m\n      \u001b[36m>\u001b[39m\n        \u001b[36m<h2\u001b[39m\n          \u001b[33mclass\u001b[39m=\u001b[32m\"_title_a4187e\"\u001b[39m\n          \u001b[33mid\u001b[39m=\u001b[32m\"transaction-dialog-title\"\u001b[39m\n        \u001b[36m>\u001b[39m\n          \u001b[0mNew transaction\u001b[0m\n        \u001b[36m</h2>\u001b[39m\n        \u001b[36m<span\u001b[39m\n          \u001b[33mclass\u001b[39m=\u001b[32m\"_hint_a4187e\"\u001b[39m\n        \u001b[36m>\u001b[39m\n          \u001b[0mEsc to cancel\u001b[0m\n        \u001b[36m</span>\u001b[39m\n      \u001b[36m</div>\u001b[39m\n      \u001b[36m<form\u001b[39m\n        \u001b[33mclass\u001b[39m=\u001b[32m\"_form_a4187e\"\u001b[39m\n      \u001b[36m>\u001b[39m\n        \u001b[36m<div\u001b[39m\n          \u001b[33mclass\u001b[39m=\u001b[32m\"_row_a4187e\"\u001b[39m\n        \u001b[36m>\u001b[39m\n          \u001b[36m<div\u001b[39m\n            \u001b[33mclass\u001b[39m=\u001b[32m\"_field_a4187e\"\u001b[39m\n          \u001b[36m>\u001b[39m\n            \u001b[36m<label\u001b[39m\n              \u001b[33mclass\u001b[39m=\u001b[32m\"_label_a4187e\"\u001b[39m\n              \u001b[33mfor\u001b[39m=\u001b[32m\"tx-date\"\u001b[39m\n            \u001b[36m>\u001b[39m\n              \u001b[0mDate\u001b[0m\n            \u001b[36m</label>\u001b[39m\n            \u001b[36m<input\u001b[39m\n              \u001b[33mclass\u001b[39m=\u001b[32m\"_input_a4187e\"\u001b[39m\n              \u001b[33mid\u001b[39m=\u001b[32m\"tx-date\"\u001b[39m\n              \u001b[33mrequired\u001b[39m=\u001b[32m\"\"\u001b[39m\n              \u001b[33mtype\u001b[39m=\u001b[32m\"date\"\u001b[39m\n              \u001b[33mvalue\u001b[39m=\u001b[32m\"2026-09-25\"\u001b[39m\n            \u001b[36m/>\u001b[39m\n          \u001b[36m</div>\u001b[39m\n          \u001b[36m<div\u001b[39m\n            \u001b[33mclass\u001b[39m=\u001b[32m\"_field_a4187e\"\u001b[39m\n          \u001b[36m>\u001b[39m\n            \u001b[36m<span\u001b[39m\n              \u001b[33mclass\u001b[39m=\u001b[32m\"_label_a4187e\"\u001b[39m\n              \u001b[33mid\u001b[39m=\u001b[32m\"tx-category-label\"\u001b[39m\n            \u001b[36m>\u001b[39m\n              \u001b[0mCategory\u001b[0m\n            \u001b[36m</span>\u001b[39m\n            \u001b[36m<div\u001b[39m\n              \u001b[33mclass\u001b[39m=\u001b[32m\"_root_d4facd\"\u001b[39m\n            \u001b[36m>\u001b[39m\n              \u001b[36m<button\u001b[39m\n                \u001b[33maria-controls\u001b[39m=\u001b[32m\"tx-category-label-listbox\"\u001b[39m\n                \u001b[33maria-expanded\u001b[39m=\u001b[32m\"false\"\u001b[39m\n                \u001b[33maria-haspopup\u001b[39m=\u001b[32m\"listbox\"\u001b[39m\n                \u001b[33mclass\u001b[39m=\u001b[32m\"_trigger_d4facd\"\u001b[39m\n                \u001b[33mid\u001b[39m=\u001b[32m\"tx-category-label\"\u001b[39m\n                \u001b[33mtype\u001b[39m=\u001b[32m\"button\"\u001b[39m\n              \u001b[36m>\u001b[39m\n                \u001b[36m<span\u001b[39m\n                  \u001b[33mclass\u001b[39m=\u001b[32m\"_triggerLabel_d4facd\"\u001b[39m\n                \u001b[36m>\u001b[39m\n                  \u001b[0mSelect a category\u001b[0m\n                \u001b[36m</span>\u001b[39m\n                \u001b[36m<svg\u001b[39m\n                  \u001b[33maria-hidden\u001b[39m=\u001b[32m\"true\"\u001b[39m\n                  \u001b[33mclass\u001b[39m=\u001b[32m\"_chevron_d4facd\"\u001b[39m\n                  \u001b[33mfill\u001b[39m=\u001b[32m\"none\"\u001b[39m\n                  \u001b[33mheight\u001b[39m=\u001b[32m\"16\"\u001b[39m\n                  \u001b[33mstroke\u001b[39m=\u001b[32m\"currentColor\"\u001b[39m\n                  \u001b[33mstroke-linecap\u001b[39m=\u001b[32m\"round\"\u001b[39m\n                  \u001b[33mstroke-linejoin\u001b[39m=\u001b[32m\"round\"\u001b[39m\n                  \u001b[33mstroke-width\u001b[39m=\u001b[32m\"1.8\"\u001b[39m\n                  \u001b[33mviewBox\u001b[39m=\u001b[32m\"0 0 24 24\"\u001b[39m\n                  \u001b[33mwidth\u001b[39m=\u001b[32m\"16\"\u001b[39m\n                \u001b[36m>\u001b[39m\n                  \u001b[36m<path\u001b[39m\n                    \u001b[33md\u001b[39m=\u001b[32m\"M5 9l7 7 7-7\"\u001b[39m\n                  \u001b[36m/>\u001b[39m\n                \u001b[36m</svg>\u001b[39m\n              \u001b[36m</button>\u001b[39m\n            \u001b[36m</div>\u001b[39m\n          \u001b[36m</div>\u001b[39m\n        \u001b[36m</div>\u001b[39m\n        \u001b[36m<div\u001b[39m\n          \u001b[33mclass\u001b[39m=\u001b[32m\"_row_a4187e\"\u001b[39m\n        \u001b[36m>\u001b[39m\n          \u001b[36m<div\u001b[39m\n            \u001b[33mclass\u001b[39m=\u001b[32m\"_field_a4187e _amountField_a4187e\"\u001b[39m\n          \u001b[36m>\u001b[39m\n            \u001b[36m<label\u001b[39m\n              \u001b[33mclass\u001b[39m=\u001b[32m\"_label_a4187e\"\u001b[39m\n              \u001b[33mfor\u001b[39m=\u001b[32m\"tx-amount\"\u001b[39m\n            \u001b[36m>\u001b[39m\n              \u001b[0mDirection · amount\u001b[0m\n            \u001b[36m</label>\u001b[39m\n            \u001b[36m<div\u001b[39m\n              \u001b[33mclass\u001b[39m=\u001b[32m\"_amountRow_a4187e\"\u001b[39m\n            \u001b[36m>\u001b[39m\n              \u001b[36m<div\u001b[39m\n                \u001b[33maria-label\u001b[39m=\u001b[32m\"Direction\"\u001b[39m\n                \u001b[33mclass\u001b[39m=\u001b[32m\"_signToggle_a4187e\"\u001b[39m\n                \u001b[33mrole\u001b[39m=\u001b[32m\"group\"\u001b[39m\n              \u001b[36m>\u001b[39m\n                \u001b[36m<button\u001b[39m\n                  \u001b[33maria-label\u001b[39m=\u001b[32m\"Expense\"\u001b[39m\n                  \u001b[33maria-pressed\u001b[39m=\u001b[32m\"true\"\u001b[39m\n                  \u001b[33mclass\u001b[39m=\u001b[32m\"_signButton_a4187e _signButtonActive_a4187e\"\u001b[39m\n                  \u001b[33mtype\u001b[39m=\u001b[32m\"button\"\u001b[39m\n                \u001b[36m>\u001b[39m\n                  \u001b[36m<svg\u001b[39m\n                    \u001b[33maria-hidden\u001b[39m=\u001b[32m\"true\"\u001b[39m\n                    \u001b[33mfill\u001b[39m=\u001b[32m\"none\"\u001b[39m\n                    \u001b[33mheight\u001b[39m=\u001b[32m\"14\"\u001b[39m\n                    \u001b[33mstroke\u001b[39m=\u001b[32m\"currentColor\"\u001b[39m\n                    \u001b[33mstroke-linecap\u001b[39m=\u001b[32m\"round\"\u001b[39m\n                    \u001b[33mstroke-linejoin\u001b[39m=\u001b[32m\"round\"\u001b[39m\n                    \u001b[33mstroke-width\u001b[39m=\u001b[32m\"1.8\"\u001b[39m\n                    \u001b[33mviewBox\u001b[39m=\u001b[32m\"0 0 24 24\"\u001b[39m\n                    \u001b[33mwidth\u001b[39m=\u001b[32m\"14\"\u001b[39m\n                  \u001b[36m>\u001b[39m\n                    \u001b[36m<path\u001b[39m\n                      \u001b[33md\u001b[39m=\u001b[32m\"M5 12h14\"\u001b[39m\n                    \u001b[36m/>\u001b[39m\n                  \u001b[36m</svg>\u001b[39m\n                \u001b[36m</button>\u001b[39m\n                \u001b[36m<button\u001b[39m\n                  \u001b[33maria-label\u001b[39m=\u001b[32m\"Income\"\u001b[39m\n                  \u001b[33maria-pressed\u001b[39m=\u001b[32m\"false\"\u001b[39m\n                  \u001b[33mclass\u001b[39m=\u001b[32m\"_signButton_a4187e \"\u001b[39m\n                  \u001b[33mtype\u001b[39m=\u001b[32m\"button\"\u001b[39m\n                \u001b[36m>\u001b[39m\n                  \u001b[36m<svg\u001b[39m\n                    \u001b[33maria-hidden\u001b[39m=\u001b[32m\"true\"\u001b[39m\n                    \u001b[33mfill\u001b[39m=\u001b[32m\"none\"\u001b[39m\n                    \u001b[33mheight\u001b[39m=\u001b[32m\"14\"\u001b[39m\n                    \u001b[33mstroke\u001b[39m=\u001b[32m\"currentColor\"\u001b[39m\n                    \u001b[33mstroke-linecap\u001b[39m=\u001b[32m\"round\"\u001b[39m\n                    \u001b[33mstroke-linejoin\u001b[39m=\u001b[32m\"round\"\u001b[39m\n                    \u001b[33mstroke-width\u001b[39m=\u001b[32m\"1.8\"\u001b[39m\n                    \u001b[33mviewBox\u001b[39m=\u001b[32m\"0 0 24 24\"\u001b[39m\n                    \u001b[33mwidth\u001b[39m=\u001b[32m\"14\"\u001b[39m\n                  \u001b[36m>\u001b[39m\n                    \u001b[36m<path\u001b[39m\n                      \u001b[33md\u001b[39m=\u001b[32m\"M12 5v14M5 12h14\"\u001b[39m\n                    \u001b[36m/>\u001b[39m\n                  \u001b[36m</svg>\u001b[39m\n                \u001b[36m</button>\u001b[39m\n              \u001b[36m</div>\u001b[39m\n              \u001b[36m<div\u001b[39m\n                \u001b[33mclass\u001b[39m=\u001b[32m\"_amountInputWrap_a4187e\"\u001b[39m\n              \u001b[36m>\u001b[39m\n                \u001b[36m<input\u001b[39m\n                  \u001b[33mclass\u001b[39m=\u001b[32m\"_amountInput_a4187e\"\u001b[39m\n                  \u001b[33mid\u001b[39m=\u001b[32m\"tx-amount\"\u001b[39m\n                  \u001b[33minputmode\u001b[39m=\u001b[32m\"decimal\"\u001b[39m\n                  \u001b[33mmin\u001b[39m=\u001b[32m\"0\"\u001b[39m\n                  \u001b[33mplaceholder\u001b[39m=\u001b[32m\"0.00\"\u001b[39m\n                  \u001b[33mrequired\u001b[39m=\u001b[32m\"\"\u001b[39m\n                  \u001b[33mstep\u001b[39m=\u001b[32m\"0.05\"\u001b[39m\n                  \u001b[33mtype\u001b[39m=\u001b[32m\"number\"\u001b[39m\n                  \u001b[33mvalue\u001b[39m=\u001b[32m\"48.9\"\u001b[39m\n                \u001b[36m/>\u001b[39m\n                \u001b[36m<span\u001b[39m\n                  \u001b[33mclass\u001b[39m=\u001b[32m\"_currency_a4187e\"\u001b[39m\n                \u001b[36m>\u001b[39m\n                  \u001b[0mCHF\u001b[0m\n                \u001b[36m</span>\u001b[39m\n              \u001b[36m</div>\u001b[39m\n            \u001b[36m</div>\u001b[39m\n          \u001b[36m</div>\u001b[39m\n        \u001b[36m</div>\u001b[39m\n        \u001b[36m<div\u001b[39m\n          \u001b[33mclass\u001b[39m=\u001b[32m\"_field_a4187e\"\u001b[39m\n        \u001b[36m>\u001b[39m\n          \u001b[36m<label\u001b[39m\n            \u001b[33mclass\u001b[39m=\u001b[32m\"_label_a4187e\"\u001b[39m\n            \u001b[33mfor\u001b[39m=\u001b[32m\"tx-description\"\u001b[39m\n          \u001b[36m>\u001b[39m\n            \u001b[0mDescription\u001b[0m\n          \u001b[36m</label>\u001b[39m\n          \u001b[36m<input\u001b[39m\n            \u001b[33mclass\u001b[39m=\u001b[32m\"_input_a4187e\"\u001b[39m\n            \u001b[33mid\u001b[39m=\u001b[32m\"tx-description\"\u001b[39m\n            \u001b[33mrequired\u001b[39m=\u001b[32m\"\"\u001b[39m\n            \u001b[33mtype\u001b[39m=\u001b[32m\"text\"\u001b[39m\n            \u001b[33mvalue\u001b[39m=\u001b[32m\"Salary\"\u001b[39m\n          \u001b[36m/>\u001b[39m\n        \u001b[36m</div>\u001b[39m\n        \u001b[36m<div\u001b[39m\n          \u001b[33mclass\u001b[39m=\u001b[32m\"_field_a4187e\"\u001b[39m\n        \u001b[36m>\u001b[39m\n          \u001b[36m<span\u001b[39m\n            \u001b[33mclass\u001b[39m=\u001b[32m\"_label_a4187e\"\u001b[39m\n            \u001b[33mid\u001b[39m=\u001b[32m\"tx-tags-label\"\u001b[39m\n          \u001b[36m>\u001b[39m\n            \u001b[0mTags\u001b[0m\n          \u001b[36m</span>\u001b[39m\n          \u001b[36m<div\u001b[39m\n            \u001b[33maria-labelledby\u001b[39m=\u001b[32m\"tx-tags-label\"\u001b[39m\n            \u001b[33mclass\u001b[39m=\u001b[32m\"_tagsField_a4187e\"\u001b[39m\n          \u001b[36m>\u001b[39m\n            \u001b[36m<input\u001b[39m\n              \u001b[33mclass\u001b[39m=\u001b[32m\"_tagInput_a4187e\"\u001b[39m\n              \u001b[33mplaceholder\u001b[39m=\u001b[32m\"Add a tag…\"\u001b[39m\n              \u001b[33mtype\u001b[39m=\u001b[32m\"text\"\u001b[39m\n              \u001b[33mvalue\u001b[39m=\u001b[32m\"\"\u001b[39m\n            \u001b[36m/>\u001b[39m\n          \u001b[36m</div>\u001b[39m\n        \u001b[36m</div>\u001b[39m\n        \u001b[36m<div\u001b[39m\n          \u001b[33mclass\u001b[39m=\u001b[32m\"_footer_a4187e\"\u001b[39m\n        \u001b[36m>\u001b[39m\n          \u001b[36m<label\u001b[39m\n            \u001b[33mclass\u001b[39m=\u001b[32m\"_keepOpen_a4187e\"\u001b[39m\n          \u001b[36m>\u001b[39m\n            \u001b[36m<input\u001b[39m\n              \u001b[33mtype\u001b[39m=\u001b[32m\"checkbox\"\u001b[39m\n            \u001b[36m/>\u001b[39m\n            \u001b[0mKeep open to add another\u001b[0m\n          \u001b[36m</label>\u001b[39m\n          \u001b[36m<div\u001b[39m\n            \u001b[33mclass\u001b[39m=\u001b[32m\"_footerActions_a4187e\"\u001b[39m\n          \u001b[36m>\u001b[39m\n            \u001b[36m<button\u001b[39m\n              \u001b[33mclass\u001b[39m=\u001b[32m\"_button_0829c1 _secondary_0829c1\"\u001b[39m\n              \u001b[33mtype\u001b[39m=\u001b[32m\"button\"\u001b[39m\n            \u001b[36m>\u001b[39m\n              \u001b[0mCancel\u001b[0m\n            \u001b[36m</button>\u001b[39m\n            \u001b[36m<button\u001b[39m\n              \u001b[33mclass\u001b[39m=\u001b[32m\"_button_0829c1 _primary_0829c1\"\u001b[39m\n              \u001b[33mdisabled\u001b[39m=\u001b[32m\"\"\u001b[39m\n              \u001b[33mtype\u001b[39m=\u001b[32m\"submit\"\u001b[39m\n            \u001b[36m>\u001b[39m\n              \u001b[0mSave · ⏎\u001b[0m\n            \u001b[36m</button>\u001b[39m\n          \u001b[36m</div>\u001b[39m\n        \u001b[36m</div>\u001b[39m\n      \u001b[36m</form>\u001b[39m\n    \u001b[36m</div>\u001b[39m\n  \u001b[36m</div>\u001b[39m\n\u001b[36m</body>\u001b[39m\n    at Object.getElementError (C:\\Users\\prave\\cleard\\frontend\\node_modules\\@testing-library\\dom\\dist\\config.js:37:19)\n    at C:\\Users\\prave\\cleard\\frontend\\node_modules\\@testing-library\\dom\\dist\\query-helpers.js:76:38\n    at C:\\Users\\prave\\cleard\\frontend\\node_modules\\@testing-library\\dom\\dist\\query-helpers.js:52:17\n    at getByRole (C:\\Users\\prave\\cleard\\frontend\\node_modules\\@testing-library\\dom\\dist\\query-helpers.js:95:19)\n    at pickCategory (C:\\Users\\prave\\cleard\\frontend\\src\\features\\transactions\\TransactionDialog.test.tsx:42:29)\n    at C:\\Users\\prave\\cleard\\frontend\\src\\features\\transactions\\TransactionDialog.test.tsx:99:9\n    at file:///C:/Users/prave/cleard/frontend/node_modules/@vitest/runner/dist/chunk-hooks.js:752:20"],"meta":{}},{"ancestorTitles":["TransactionDialog"],"fullName":"TransactionDialog picking a category sets the sign toggle to its direction","status":"failed","title":"picking a category sets the sign toggle to its direction","duration":109.08459999999968,"failureMessages":["TestingLibraryElementError: Unable to find an accessible element with the role \"option\" and name `/salary/i`\n\nHere are the accessible roles:\n\n  dialog:\n\n  Name \"New transaction\":\n  \u001b[36m<div\u001b[39m\n    \u001b[33maria-labelledby\u001b[39m=\u001b[32m\"transaction-dialog-title\"\u001b[39m\n    \u001b[33maria-modal\u001b[39m=\u001b[32m\"true\"\u001b[39m\n    \u001b[33mclass\u001b[39m=\u001b[32m\"_dialog_7cc3ba\"\u001b[39m\n    \u001b[33mrole\u001b[39m=\u001b[32m\"dialog\"\u001b[39m\n  \u001b[36m/>\u001b[39m\n\n  --------------------------------------------------\n  heading:\n\n  Name \"New transaction\":\n  \u001b[36m<h2\u001b[39m\n    \u001b[33mclass\u001b[39m=\u001b[32m\"_title_a4187e\"\u001b[39m\n    \u001b[33mid\u001b[39m=\u001b[32m\"transaction-dialog-title\"\u001b[39m\n  \u001b[36m/>\u001b[39m\n\n  --------------------------------------------------\n  button:\n\n  Name \"Select a category\":\n  \u001b[36m<button\u001b[39m\n    \u001b[33maria-controls\u001b[39m=\u001b[32m\"tx-category-label-listbox\"\u001b[39m\n    \u001b[33maria-expanded\u001b[39m=\u001b[32m\"false\"\u001b[39m\n    \u001b[33maria-haspopup\u001b[39m=\u001b[32m\"listbox\"\u001b[39m\n    \u001b[33mclass\u001b[39m=\u001b[32m\"_trigger_d4facd\"\u001b[39m\n    \u001b[33mid\u001b[39m=\u001b[32m\"tx-category-label\"\u001b[39m\n    \u001b[33mtype\u001b[39m=\u001b[32m\"button\"\u001b[39m\n  \u001b[36m/>\u001b[39m\n\n  Name \"Expense\":\n  \u001b[36m<button\u001b[39m\n    \u001b[33maria-label\u001b[39m=\u001b[32m\"Expense\"\u001b[39m\n    \u001b[33maria-pressed\u001b[39m=\u001b[32m\"true\"\u001b[39m\n    \u001b[33mclass\u001b[39m=\u001b[32m\"_signButton_a4187e _signButtonActive_a4187e\"\u001b[39m\n    \u001b[33mtype\u001b[39m=\u001b[32m\"button\"\u001b[39m\n  \u001b[36m/>\u001b[39m\n\n  Name \"Income\":\n  \u001b[36m<button\u001b[39m\n    \u001b[33maria-label\u001b[39m=\u001b[32m\"Income\"\u001b[39m\n    \u001b[33maria-pressed\u001b[39m=\u001b[32m\"false\"\u001b[39m\n    \u001b[33mclass\u001b[39m=\u001b[32m\"_signButton_a4187e \"\u001b[39m\n    \u001b[33mtype\u001b[39m=\u001b[32m\"button\"\u001b[39m\n  \u001b[36m/>\u001b[39m\n\n  Name \"Cancel\":\n  \u001b[36m<button\u001b[39m\n    \u001b[33mclass\u001b[39m=\u001b[32m\"_button_0829c1 _secondary_0829c1\"\u001b[39m\n    \u001b[33mtype\u001b[39m=\u001b[32m\"button\"\u001b[39m\n  \u001b[36m/>\u001b[39m\n\n  Name \"Save · ⏎\":\n  \u001b[36m<button\u001b[39m\n    \u001b[33mclass\u001b[39m=\u001b[32m\"_button_0829c1 _primary_0829c1\"\u001b[39m\n    \u001b[33mdisabled\u001b[39m=\u001b[32m\"\"\u001b[39m\n    \u001b[33mtype\u001b[39m=\u001b[32m\"submit\"\u001b[39m\n  \u001b[36m/>\u001b[39m\n\n  --------------------------------------------------\n  group:\n\n  Name \"Direction\":\n  \u001b[36m<div\u001b[39m\n    \u001b[33maria-label\u001b[39m=\u001b[32m\"Direction\"\u001b[39m\n    \u001b[33mclass\u001b[39m=\u001b[32m\"_signToggle_a4187e\"\u001b[39m\n    \u001b[33mrole\u001b[39m=\u001b[32m\"group\"\u001b[39m\n  \u001b[36m/>\u001b[39m\n\n  --------------------------------------------------\n  spinbutton:\n\n  Name \"Direction · amount\":\n  \u001b[36m<input\u001b[39m\n    \u001b[33mclass\u001b[39m=\u001b[32m\"_amountInput_a4187e\"\u001b[39m\n    \u001b[33mid\u001b[39m=\u001b[32m\"tx-amount\"\u001b[39m\n    \u001b[33minputmode\u001b[39m=\u001b[32m\"decimal\"\u001b[39m\n    \u001b[33mmin\u001b[39m=\u001b[32m\"0\"\u001b[39m\n    \u001b[33mplaceholder\u001b[39m=\u001b[32m\"0.00\"\u001b[39m\n    \u001b[33mrequired\u001b[39m=\u001b[32m\"\"\u001b[39m\n    \u001b[33mstep\u001b[39m=\u001b[32m\"0.05\"\u001b[39m\n    \u001b[33mtype\u001b[39m=\u001b[32m\"number\"\u001b[39m\n    \u001b[33mvalue\u001b[39m=\u001b[32m\"\"\u001b[39m\n  \u001b[36m/>\u001b[39m\n\n  --------------------------------------------------\n  textbox:\n\n  Name \"Description\":\n  \u001b[36m<input\u001b[39m\n    \u001b[33mclass\u001b[39m=\u001b[32m\"_input_a4187e\"\u001b[39m\n    \u001b[33mid\u001b[39m=\u001b[32m\"tx-description\"\u001b[39m\n    \u001b[33mrequired\u001b[39m=\u001b[32m\"\"\u001b[39m\n    \u001b[33mtype\u001b[39m=\u001b[32m\"text\"\u001b[39m\n    \u001b[33mvalue\u001b[39m=\u001b[32m\"\"\u001b[39m\n  \u001b[36m/>\u001b[39m\n\n  Name \"\":\n  \u001b[36m<input\u001b[39m\n    \u001b[33mclass\u001b[39m=\u001b[32m\"_tagInput_a4187e\"\u001b[39m\n    \u001b[33mplaceholder\u001b[39m=\u001b[32m\"Add a tag…\"\u001b[39m\n    \u001b[33mtype\u001b[39m=\u001b[32m\"text\"\u001b[39m\n    \u001b[33mvalue\u001b[39m=\u001b[32m\"\"\u001b[39m\n  \u001b[36m/>\u001b[39m\n\n  --------------------------------------------------\n  checkbox:\n\n  Name \"Keep open to add another\":\n  \u001b[36m<input\u001b[39m\n    \u001b[33mtype\u001b[39m=\u001b[32m\"checkbox\"\u001b[39m\n  \u001b[36m/>\u001b[39m\n\n  --------------------------------------------------\n\nIgnored nodes: comments, script, style\n\u001b[36m<body>\u001b[39m\n  \u001b[36m<div />\u001b[39m\n  \u001b[36m<div\u001b[39m\n    \u001b[33mclass\u001b[39m=\u001b[32m\"_backdrop_7cc3ba\"\u001b[39m\n  \u001b[36m>\u001b[39m\n    \u001b[36m<div\u001b[39m\n      \u001b[33maria-labelledby\u001b[39m=\u001b[32m\"transaction-dialog-title\"\u001b[39m\n      \u001b[33maria-modal\u001b[39m=\u001b[32m\"true\"\u001b[39m\n      \u001b[33mclass\u001b[39m=\u001b[32m\"_dialog_7cc3ba\"\u001b[39m\n      \u001b[33mrole\u001b[39m=\u001b[32m\"dialog\"\u001b[39m\n    \u001b[36m>\u001b[39m\n      \u001b[36m<div\u001b[39m\n        \u001b[33mclass\u001b[39m=\u001b[32m\"_header_a4187e\"\u001b[39m\n      \u001b[36m>\u001b[39m\n        \u001b[36m<h2\u001b[39m\n          \u001b[33mclass\u001b[39m=\u001b[32m\"_title_a4187e\"\u001b[39m\n          \u001b[33mid\u001b[39m=\u001b[32m\"transaction-dialog-title\"\u001b[39m\n        \u001b[36m>\u001b[39m\n          \u001b[0mNew transaction\u001b[0m\n        \u001b[36m</h2>\u001b[39m\n        \u001b[36m<span\u001b[39m\n          \u001b[33mclass\u001b[39m=\u001b[32m\"_hint_a4187e\"\u001b[39m\n        \u001b[36m>\u001b[39m\n          \u001b[0mEsc to cancel\u001b[0m\n        \u001b[36m</span>\u001b[39m\n      \u001b[36m</div>\u001b[39m\n      \u001b[36m<form\u001b[39m\n        \u001b[33mclass\u001b[39m=\u001b[32m\"_form_a4187e\"\u001b[39m\n      \u001b[36m>\u001b[39m\n        \u001b[36m<div\u001b[39m\n          \u001b[33mclass\u001b[39m=\u001b[32m\"_row_a4187e\"\u001b[39m\n        \u001b[36m>\u001b[39m\n          \u001b[36m<div\u001b[39m\n            \u001b[33mclass\u001b[39m=\u001b[32m\"_field_a4187e\"\u001b[39m\n          \u001b[36m>\u001b[39m\n            \u001b[36m<label\u001b[39m\n              \u001b[33mclass\u001b[39m=\u001b[32m\"_label_a4187e\"\u001b[39m\n              \u001b[33mfor\u001b[39m=\u001b[32m\"tx-date\"\u001b[39m\n            \u001b[36m>\u001b[39m\n              \u001b[0mDate\u001b[0m\n            \u001b[36m</label>\u001b[39m\n            \u001b[36m<input\u001b[39m\n              \u001b[33mclass\u001b[39m=\u001b[32m\"_input_a4187e\"\u001b[39m\n              \u001b[33mid\u001b[39m=\u001b[32m\"tx-date\"\u001b[39m\n              \u001b[33mrequired\u001b[39m=\u001b[32m\"\"\u001b[39m\n              \u001b[33mtype\u001b[39m=\u001b[32m\"date\"\u001b[39m\n              \u001b[33mvalue\u001b[39m=\u001b[32m\"2026-09-25\"\u001b[39m\n            \u001b[36m/>\u001b[39m\n          \u001b[36m</div>\u001b[39m\n          \u001b[36m<div\u001b[39m\n            \u001b[33mclass\u001b[39m=\u001b[32m\"_field_a4187e\"\u001b[39m\n          \u001b[36m>\u001b[39m\n            \u001b[36m<span\u001b[39m\n              \u001b[33mclass\u001b[39m=\u001b[32m\"_label_a4187e\"\u001b[39m\n              \u001b[33mid\u001b[39m=\u001b[32m\"tx-category-label\"\u001b[39m\n            \u001b[36m>\u001b[39m\n              \u001b[0mCategory\u001b[0m\n            \u001b[36m</span>\u001b[39m\n            \u001b[36m<div\u001b[39m\n              \u001b[33mclass\u001b[39m=\u001b[32m\"_root_d4facd\"\u001b[39m\n            \u001b[36m>\u001b[39m\n              \u001b[36m<button\u001b[39m\n                \u001b[33maria-controls\u001b[39m=\u001b[32m\"tx-category-label-listbox\"\u001b[39m\n                \u001b[33maria-expanded\u001b[39m=\u001b[32m\"false\"\u001b[39m\n                \u001b[33maria-haspopup\u001b[39m=\u001b[32m\"listbox\"\u001b[39m\n                \u001b[33mclass\u001b[39m=\u001b[32m\"_trigger_d4facd\"\u001b[39m\n                \u001b[33mid\u001b[39m=\u001b[32m\"tx-category-label\"\u001b[39m\n                \u001b[33mtype\u001b[39m=\u001b[32m\"button\"\u001b[39m\n              \u001b[36m>\u001b[39m\n                \u001b[36m<span\u001b[39m\n                  \u001b[33mclass\u001b[39m=\u001b[32m\"_triggerLabel_d4facd\"\u001b[39m\n                \u001b[36m>\u001b[39m\n                  \u001b[0mSelect a category\u001b[0m\n                \u001b[36m</span>\u001b[39m\n                \u001b[36m<svg\u001b[39m\n                  \u001b[33maria-hidden\u001b[39m=\u001b[32m\"true\"\u001b[39m\n                  \u001b[33mclass\u001b[39m=\u001b[32m\"_chevron_d4facd\"\u001b[39m\n                  \u001b[33mfill\u001b[39m=\u001b[32m\"none\"\u001b[39m\n                  \u001b[33mheight\u001b[39m=\u001b[32m\"16\"\u001b[39m\n                  \u001b[33mstroke\u001b[39m=\u001b[32m\"currentColor\"\u001b[39m\n                  \u001b[33mstroke-linecap\u001b[39m=\u001b[32m\"round\"\u001b[39m\n                  \u001b[33mstroke-linejoin\u001b[39m=\u001b[32m\"round\"\u001b[39m\n                  \u001b[33mstroke-width\u001b[39m=\u001b[32m\"1.8\"\u001b[39m\n                  \u001b[33mviewBox\u001b[39m=\u001b[32m\"0 0 24 24\"\u001b[39m\n                  \u001b[33mwidth\u001b[39m=\u001b[32m\"16\"\u001b[39m\n                \u001b[36m>\u001b[39m\n                  \u001b[36m<path\u001b[39m\n                    \u001b[33md\u001b[39m=\u001b[32m\"M5 9l7 7 7-7\"\u001b[39m\n                  \u001b[36m/>\u001b[39m\n                \u001b[36m</svg>\u001b[39m\n              \u001b[36m</button>\u001b[39m\n            \u001b[36m</div>\u001b[39m\n          \u001b[36m</div>\u001b[39m\n        \u001b[36m</div>\u001b[39m\n        \u001b[36m<div\u001b[39m\n          \u001b[33mclass\u001b[39m=\u001b[32m\"_row_a4187e\"\u001b[39m\n        \u001b[36m>\u001b[39m\n          \u001b[36m<div\u001b[39m\n            \u001b[33mclass\u001b[39m=\u001b[32m\"_field_a4187e _amountField_a4187e\"\u001b[39m\n          \u001b[36m>\u001b[39m\n            \u001b[36m<label\u001b[39m\n              \u001b[33mclass\u001b[39m=\u001b[32m\"_label_a4187e\"\u001b[39m\n              \u001b[33mfor\u001b[39m=\u001b[32m\"tx-amount\"\u001b[39m\n            \u001b[36m>\u001b[39m\n              \u001b[0mDirection · amount\u001b[0m\n            \u001b[36m</label>\u001b[39m\n            \u001b[36m<div\u001b[39m\n              \u001b[33mclass\u001b[39m=\u001b[32m\"_amountRow_a4187e\"\u001b[39m\n            \u001b[36m>\u001b[39m\n              \u001b[36m<div\u001b[39m\n                \u001b[33maria-label\u001b[39m=\u001b[32m\"Direction\"\u001b[39m\n                \u001b[33mclass\u001b[39m=\u001b[32m\"_signToggle_a4187e\"\u001b[39m\n                \u001b[33mrole\u001b[39m=\u001b[32m\"group\"\u001b[39m\n              \u001b[36m>\u001b[39m\n                \u001b[36m<button\u001b[39m\n                  \u001b[33maria-label\u001b[39m=\u001b[32m\"Expense\"\u001b[39m\n                  \u001b[33maria-pressed\u001b[39m=\u001b[32m\"true\"\u001b[39m\n                  \u001b[33mclass\u001b[39m=\u001b[32m\"_signButton_a4187e _signButtonActive_a4187e\"\u001b[39m\n                  \u001b[33mtype\u001b[39m=\u001b[32m\"button\"\u001b[39m\n                \u001b[36m>\u001b[39m\n                  \u001b[36m<svg\u001b[39m\n                    \u001b[33maria-hidden\u001b[39m=\u001b[32m\"true\"\u001b[39m\n                    \u001b[33mfill\u001b[39m=\u001b[32m\"none\"\u001b[39m\n                    \u001b[33mheight\u001b[39m=\u001b[32m\"14\"\u001b[39m\n                    \u001b[33mstroke\u001b[39m=\u001b[32m\"currentColor\"\u001b[39m\n                    \u001b[33mstroke-linecap\u001b[39m=\u001b[32m\"round\"\u001b[39m\n                    \u001b[33mstroke-linejoin\u001b[39m=\u001b[32m\"round\"\u001b[39m\n                    \u001b[33mstroke-width\u001b[39m=\u001b[32m\"1.8\"\u001b[39m\n                    \u001b[33mviewBox\u001b[39m=\u001b[32m\"0 0 24 24\"\u001b[39m\n                    \u001b[33mwidth\u001b[39m=\u001b[32m\"14\"\u001b[39m\n                  \u001b[36m>\u001b[39m\n                    \u001b[36m<path\u001b[39m\n                      \u001b[33md\u001b[39m=\u001b[32m\"M5 12h14\"\u001b[39m\n                    \u001b[36m/>\u001b[39m\n                  \u001b[36m</svg>\u001b[39m\n                \u001b[36m</button>\u001b[39m\n                \u001b[36m<button\u001b[39m\n                  \u001b[33maria-label\u001b[39m=\u001b[32m\"Income\"\u001b[39m\n                  \u001b[33maria-pressed\u001b[39m=\u001b[32m\"false\"\u001b[39m\n                  \u001b[33mclass\u001b[39m=\u001b[32m\"_signButton_a4187e \"\u001b[39m\n                  \u001b[33mtype\u001b[39m=\u001b[32m\"button\"\u001b[39m\n                \u001b[36m>\u001b[39m\n                  \u001b[36m<svg\u001b[39m\n                    \u001b[33maria-hidden\u001b[39m=\u001b[32m\"true\"\u001b[39m\n                    \u001b[33mfill\u001b[39m=\u001b[32m\"none\"\u001b[39m\n                    \u001b[33mheight\u001b[39m=\u001b[32m\"14\"\u001b[39m\n                    \u001b[33mstroke\u001b[39m=\u001b[32m\"currentColor\"\u001b[39m\n                    \u001b[33mstroke-linecap\u001b[39m=\u001b[32m\"round\"\u001b[39m\n                    \u001b[33mstroke-linejoin\u001b[39m=\u001b[32m\"round\"\u001b[39m\n                    \u001b[33mstroke-width\u001b[39m=\u001b[32m\"1.8\"\u001b[39m\n                    \u001b[33mviewBox\u001b[39m=\u001b[32m\"0 0 24 24\"\u001b[39m\n                    \u001b[33mwidth\u001b[39m=\u001b[32m\"14\"\u001b[39m\n                  \u001b[36m>\u001b[39m\n                    \u001b[36m<path\u001b[39m\n                      \u001b[33md\u001b[39m=\u001b[32m\"M12 5v14M5 12h14\"\u001b[39m\n                    \u001b[36m/>\u001b[39m\n                  \u001b[36m</svg>\u001b[39m\n                \u001b[36m</button>\u001b[39m\n              \u001b[36m</div>\u001b[39m\n              \u001b[36m<div\u001b[39m\n                \u001b[33mclass\u001b[39m=\u001b[32m\"_amountInputWrap_a4187e\"\u001b[39m\n              \u001b[36m>\u001b[39m\n                \u001b[36m<input\u001b[39m\n                  \u001b[33mclass\u001b[39m=\u001b[32m\"_amountInput_a4187e\"\u001b[39m\n                  \u001b[33mid\u001b[39m=\u001b[32m\"tx-amount\"\u001b[39m\n                  \u001b[33minputmode\u001b[39m=\u001b[32m\"decimal\"\u001b[39m\n                  \u001b[33mmin\u001b[39m=\u001b[32m\"0\"\u001b[39m\n                  \u001b[33mplaceholder\u001b[39m=\u001b[32m\"0.00\"\u001b[39m\n                  \u001b[33mrequired\u001b[39m=\u001b[32m\"\"\u001b[39m\n                  \u001b[33mstep\u001b[39m=\u001b[32m\"0.05\"\u001b[39m\n                  \u001b[33mtype\u001b[39m=\u001b[32m\"number\"\u001b[39m\n                  \u001b[33mvalue\u001b[39m=\u001b[32m\"\"\u001b[39m\n                \u001b[36m/>\u001b[39m\n                \u001b[36m<span\u001b[39m\n                  \u001b[33mclass\u001b[39m=\u001b[32m\"_currency_a4187e\"\u001b[39m\n                \u001b[36m>\u001b[39m\n                  \u001b[0mCHF\u001b[0m\n                \u001b[36m</span>\u001b[39m\n              \u001b[36m</div>\u001b[39m\n            \u001b[36m</div>\u001b[39m\n          \u001b[36m</div>\u001b[39m\n        \u001b[36m</div>\u001b[39m\n        \u001b[36m<div\u001b[39m\n          \u001b[33mclass\u001b[39m=\u001b[32m\"_field_a4187e\"\u001b[39m\n        \u001b[36m>\u001b[39m\n          \u001b[36m<label\u001b[39m\n            \u001b[33mclass\u001b[39m=\u001b[32m\"_label_a4187e\"\u001b[39m\n            \u001b[33mfor\u001b[39m=\u001b[32m\"tx-description\"\u001b[39m\n          \u001b[36m>\u001b[39m\n            \u001b[0mDescription\u001b[0m\n          \u001b[36m</label>\u001b[39m\n          \u001b[36m<input\u001b[39m\n            \u001b[33mclass\u001b[39m=\u001b[32m\"_input_a4187e\"\u001b[39m\n            \u001b[33mid\u001b[39m=\u001b[32m\"tx-description\"\u001b[39m\n            \u001b[33mrequired\u001b[39m=\u001b[32m\"\"\u001b[39m\n            \u001b[33mtype\u001b[39m=\u001b[32m\"text\"\u001b[39m\n            \u001b[33mvalue\u001b[39m=\u001b[32m\"\"\u001b[39m\n          \u001b[36m/>\u001b[39m\n        \u001b[36m</div>\u001b[39m\n        \u001b[36m<div\u001b[39m\n          \u001b[33mclass\u001b[39m=\u001b[32m\"_field_a4187e\"\u001b[39m\n        \u001b[36m>\u001b[39m\n          \u001b[36m<span\u001b[39m\n            \u001b[33mclass\u001b[39m=\u001b[32m\"_label_a4187e\"\u001b[39m\n            \u001b[33mid\u001b[39m=\u001b[32m\"tx-tags-label\"\u001b[39m\n          \u001b[36m>\u001b[39m\n            \u001b[0mTags\u001b[0m\n          \u001b[36m</span>\u001b[39m\n          \u001b[36m<div\u001b[39m\n            \u001b[33maria-labelledby\u001b[39m=\u001b[32m\"tx-tags-label\"\u001b[39m\n            \u001b[33mclass\u001b[39m=\u001b[32m\"_tagsField_a4187e\"\u001b[39m\n          \u001b[36m>\u001b[39m\n            \u001b[36m<input\u001b[39m\n              \u001b[33mclass\u001b[39m=\u001b[32m\"_tagInput_a4187e\"\u001b[39m\n              \u001b[33mplaceholder\u001b[39m=\u001b[32m\"Add a tag…\"\u001b[39m\n              \u001b[33mtype\u001b[39m=\u001b[32m\"text\"\u001b[39m\n              \u001b[33mvalue\u001b[39m=\u001b[32m\"\"\u001b[39m\n            \u001b[36m/>\u001b[39m\n          \u001b[36m</div>\u001b[39m\n        \u001b[36m</div>\u001b[39m\n        \u001b[36m<div\u001b[39m\n          \u001b[33mclass\u001b[39m=\u001b[32m\"_footer_a4187e\"\u001b[39m\n        \u001b[36m>\u001b[39m\n          \u001b[36m<label\u001b[39m\n            \u001b[33mclass\u001b[39m=\u001b[32m\"_keepOpen_a4187e\"\u001b[39m\n          \u001b[36m>\u001b[39m\n            \u001b[36m<input\u001b[39m\n              \u001b[33mtype\u001b[39m=\u001b[32m\"checkbox\"\u001b[39m\n            \u001b[36m/>\u001b[39m\n            \u001b[0mKeep open to add another\u001b[0m\n          \u001b[36m</label>\u001b[39m\n          \u001b[36m<div\u001b[39m\n            \u001b[33mclass\u001b[39m=\u001b[32m\"_footerActions_a4187e\"\u001b[39m\n          \u001b[36m>\u001b[39m\n            \u001b[36m<button\u001b[39m\n              \u001b[33mclass\u001b[39m=\u001b[32m\"_button_0829c1 _secondary_0829c1\"\u001b[39m\n              \u001b[33mtype\u001b[39m=\u001b[32m\"button\"\u001b[39m\n            \u001b[36m>\u001b[39m\n              \u001b[0mCancel\u001b[0m\n            \u001b[36m</button>\u001b[39m\n            \u001b[36m<button\u001b[39m\n              \u001b[33mclass\u001b[39m=\u001b[32m\"_button_0829c1 _primary_0829c1\"\u001b[39m\n              \u001b[33mdisabled\u001b[39m=\u001b[32m\"\"\u001b[39m\n              \u001b[33mtype\u001b[39m=\u001b[32m\"submit\"\u001b[39m\n            \u001b[36m>\u001b[39m\n              \u001b[0mSave · ⏎\u001b[0m\n            \u001b[36m</button>\u001b[39m\n          \u001b[36m</div>\u001b[39m\n        \u001b[36m</div>\u001b[39m\n      \u001b[36m</form>\u001b[39m\n    \u001b[36m</div>\u001b[39m\n  \u001b[36m</div>\u001b[39m\n\u001b[36m</body>\u001b[39m\n    at Object.getElementError (C:\\Users\\prave\\cleard\\frontend\\node_modules\\@testing-library\\dom\\dist\\config.js:37:19)\n    at C:\\Users\\prave\\cleard\\frontend\\node_modules\\@testing-library\\dom\\dist\\query-helpers.js:76:38\n    at C:\\Users\\prave\\cleard\\frontend\\node_modules\\@testing-library\\dom\\dist\\query-helpers.js:52:17\n    at getByRole (C:\\Users\\prave\\cleard\\frontend\\node_modules\\@testing-library\\dom\\dist\\query-helpers.js:95:19)\n    at pickCategory (C:\\Users\\prave\\cleard\\frontend\\src\\features\\transactions\\TransactionDialog.test.tsx:42:29)\n    at C:\\Users\\prave\\cleard\\frontend\\src\\features\\transactions\\TransactionDialog.test.tsx:119:9\n    at file:///C:/Users/prave/cleard/frontend/node_modules/@vitest/runner/dist/chunk-hooks.js:752:20"],"meta":{}},{"ancestorTitles":["TransactionDialog"],"fullName":"TransactionDialog the category selector opens on hover for a smoother menu experience","status":"passed","title":"the category selector opens on hover for a smoother menu experience","duration":57.65740000000005,"failureMessages":[],"meta":{}},{"ancestorTitles":["TransactionDialog"],"fullName":"TransactionDialog the sign toggle can still be overridden after picking a category, for refunds","status":"failed","title":"the sign toggle can still be overridden after picking a category, for refunds","duration":366.8895000000002,"failureMessages":["TestingLibraryElementError: Unable to find an accessible element with the role \"option\" and name `/groceries/i`\n\nHere are the accessible roles:\n\n  dialog:\n\n  Name \"New transaction\":\n  \u001b[36m<div\u001b[39m\n    \u001b[33maria-labelledby\u001b[39m=\u001b[32m\"transaction-dialog-title\"\u001b[39m\n    \u001b[33maria-modal\u001b[39m=\u001b[32m\"true\"\u001b[39m\n    \u001b[33mclass\u001b[39m=\u001b[32m\"_dialog_7cc3ba\"\u001b[39m\n    \u001b[33mrole\u001b[39m=\u001b[32m\"dialog\"\u001b[39m\n  \u001b[36m/>\u001b[39m\n\n  --------------------------------------------------\n  heading:\n\n  Name \"New transaction\":\n  \u001b[36m<h2\u001b[39m\n    \u001b[33mclass\u001b[39m=\u001b[32m\"_title_a4187e\"\u001b[39m\n    \u001b[33mid\u001b[39m=\u001b[32m\"transaction-dialog-title\"\u001b[39m\n  \u001b[36m/>\u001b[39m\n\n  --------------------------------------------------\n  button:\n\n  Name \"Select a category\":\n  \u001b[36m<button\u001b[39m\n    \u001b[33maria-controls\u001b[39m=\u001b[32m\"tx-category-label-listbox\"\u001b[39m\n    \u001b[33maria-expanded\u001b[39m=\u001b[32m\"false\"\u001b[39m\n    \u001b[33maria-haspopup\u001b[39m=\u001b[32m\"listbox\"\u001b[39m\n    \u001b[33mclass\u001b[39m=\u001b[32m\"_trigger_d4facd\"\u001b[39m\n    \u001b[33mid\u001b[39m=\u001b[32m\"tx-category-label\"\u001b[39m\n    \u001b[33mtype\u001b[39m=\u001b[32m\"button\"\u001b[39m\n  \u001b[36m/>\u001b[39m\n\n  Name \"Expense\":\n  \u001b[36m<button\u001b[39m\n    \u001b[33maria-label\u001b[39m=\u001b[32m\"Expense\"\u001b[39m\n    \u001b[33maria-pressed\u001b[39m=\u001b[32m\"true\"\u001b[39m\n    \u001b[33mclass\u001b[39m=\u001b[32m\"_signButton_a4187e _signButtonActive_a4187e\"\u001b[39m\n    \u001b[33mtype\u001b[39m=\u001b[32m\"button\"\u001b[39m\n  \u001b[36m/>\u001b[39m\n\n  Name \"Income\":\n  \u001b[36m<button\u001b[39m\n    \u001b[33maria-label\u001b[39m=\u001b[32m\"Income\"\u001b[39m\n    \u001b[33maria-pressed\u001b[39m=\u001b[32m\"false\"\u001b[39m\n    \u001b[33mclass\u001b[39m=\u001b[32m\"_signButton_a4187e \"\u001b[39m\n    \u001b[33mtype\u001b[39m=\u001b[32m\"button\"\u001b[39m\n  \u001b[36m/>\u001b[39m\n\n  Name \"Cancel\":\n  \u001b[36m<button\u001b[39m\n    \u001b[33mclass\u001b[39m=\u001b[32m\"_button_0829c1 _secondary_0829c1\"\u001b[39m\n    \u001b[33mtype\u001b[39m=\u001b[32m\"button\"\u001b[39m\n  \u001b[36m/>\u001b[39m\n\n  Name \"Save · ⏎\":\n  \u001b[36m<button\u001b[39m\n    \u001b[33mclass\u001b[39m=\u001b[32m\"_button_0829c1 _primary_0829c1\"\u001b[39m\n    \u001b[33mdisabled\u001b[39m=\u001b[32m\"\"\u001b[39m\n    \u001b[33mtype\u001b[39m=\u001b[32m\"submit\"\u001b[39m\n  \u001b[36m/>\u001b[39m\n\n  --------------------------------------------------\n  group:\n\n  Name \"Direction\":\n  \u001b[36m<div\u001b[39m\n    \u001b[33maria-label\u001b[39m=\u001b[32m\"Direction\"\u001b[39m\n    \u001b[33mclass\u001b[39m=\u001b[32m\"_signToggle_a4187e\"\u001b[39m\n    \u001b[33mrole\u001b[39m=\u001b[32m\"group\"\u001b[39m\n  \u001b[36m/>\u001b[39m\n\n  --------------------------------------------------\n  spinbutton:\n\n  Name \"Direction · amount\":\n  \u001b[36m<input\u001b[39m\n    \u001b[33mclass\u001b[39m=\u001b[32m\"_amountInput_a4187e\"\u001b[39m\n    \u001b[33mid\u001b[39m=\u001b[32m\"tx-amount\"\u001b[39m\n    \u001b[33minputmode\u001b[39m=\u001b[32m\"decimal\"\u001b[39m\n    \u001b[33mmin\u001b[39m=\u001b[32m\"0\"\u001b[39m\n    \u001b[33mplaceholder\u001b[39m=\u001b[32m\"0.00\"\u001b[39m\n    \u001b[33mrequired\u001b[39m=\u001b[32m\"\"\u001b[39m\n    \u001b[33mstep\u001b[39m=\u001b[32m\"0.05\"\u001b[39m\n    \u001b[33mtype\u001b[39m=\u001b[32m\"number\"\u001b[39m\n    \u001b[33mvalue\u001b[39m=\u001b[32m\"48.9\"\u001b[39m\n  \u001b[36m/>\u001b[39m\n\n  --------------------------------------------------\n  textbox:\n\n  Name \"Description\":\n  \u001b[36m<input\u001b[39m\n    \u001b[33mclass\u001b[39m=\u001b[32m\"_input_a4187e\"\u001b[39m\n    \u001b[33mid\u001b[39m=\u001b[32m\"tx-description\"\u001b[39m\n    \u001b[33mrequired\u001b[39m=\u001b[32m\"\"\u001b[39m\n    \u001b[33mtype\u001b[39m=\u001b[32m\"text\"\u001b[39m\n    \u001b[33mvalue\u001b[39m=\u001b[32m\"Migros\"\u001b[39m\n  \u001b[36m/>\u001b[39m\n\n  Name \"\":\n  \u001b[36m<input\u001b[39m\n    \u001b[33mclass\u001b[39m=\u001b[32m\"_tagInput_a4187e\"\u001b[39m\n    \u001b[33mplaceholder\u001b[39m=\u001b[32m\"Add a tag…\"\u001b[39m\n    \u001b[33mtype\u001b[39m=\u001b[32m\"text\"\u001b[39m\n    \u001b[33mvalue\u001b[39m=\u001b[32m\"\"\u001b[39m\n  \u001b[36m/>\u001b[39m\n\n  --------------------------------------------------\n  checkbox:\n\n  Name \"Keep open to add another\":\n  \u001b[36m<input\u001b[39m\n    \u001b[33mtype\u001b[39m=\u001b[32m\"checkbox\"\u001b[39m\n  \u001b[36m/>\u001b[39m\n\n  --------------------------------------------------\n\nIgnored nodes: comments, script, style\n\u001b[36m<body>\u001b[39m\n  \u001b[36m<div />\u001b[39m\n  \u001b[36m<div\u001b[39m\n    \u001b[33mclass\u001b[39m=\u001b[32m\"_backdrop_7cc3ba\"\u001b[39m\n  \u001b[36m>\u001b[39m\n    \u001b[36m<div\u001b[39m\n      \u001b[33maria-labelledby\u001b[39m=\u001b[32m\"transaction-dialog-title\"\u001b[39m\n      \u001b[33maria-modal\u001b[39m=\u001b[32m\"true\"\u001b[39m\n      \u001b[33mclass\u001b[39m=\u001b[32m\"_dialog_7cc3ba\"\u001b[39m\n      \u001b[33mrole\u001b[39m=\u001b[32m\"dialog\"\u001b[39m\n    \u001b[36m>\u001b[39m\n      \u001b[36m<div\u001b[39m\n        \u001b[33mclass\u001b[39m=\u001b[32m\"_header_a4187e\"\u001b[39m\n      \u001b[36m>\u001b[39m\n        \u001b[36m<h2\u001b[39m\n          \u001b[33mclass\u001b[39m=\u001b[32m\"_title_a4187e\"\u001b[39m\n          \u001b[33mid\u001b[39m=\u001b[32m\"transaction-dialog-title\"\u001b[39m\n        \u001b[36m>\u001b[39m\n          \u001b[0mNew transaction\u001b[0m\n        \u001b[36m</h2>\u001b[39m\n        \u001b[36m<span\u001b[39m\n          \u001b[33mclass\u001b[39m=\u001b[32m\"_hint_a4187e\"\u001b[39m\n        \u001b[36m>\u001b[39m\n          \u001b[0mEsc to cancel\u001b[0m\n        \u001b[36m</span>\u001b[39m\n      \u001b[36m</div>\u001b[39m\n      \u001b[36m<form\u001b[39m\n        \u001b[33mclass\u001b[39m=\u001b[32m\"_form_a4187e\"\u001b[39m\n      \u001b[36m>\u001b[39m\n        \u001b[36m<div\u001b[39m\n          \u001b[33mclass\u001b[39m=\u001b[32m\"_row_a4187e\"\u001b[39m\n        \u001b[36m>\u001b[39m\n          \u001b[36m<div\u001b[39m\n            \u001b[33mclass\u001b[39m=\u001b[32m\"_field_a4187e\"\u001b[39m\n          \u001b[36m>\u001b[39m\n            \u001b[36m<label\u001b[39m\n              \u001b[33mclass\u001b[39m=\u001b[32m\"_label_a4187e\"\u001b[39m\n              \u001b[33mfor\u001b[39m=\u001b[32m\"tx-date\"\u001b[39m\n            \u001b[36m>\u001b[39m\n              \u001b[0mDate\u001b[0m\n            \u001b[36m</label>\u001b[39m\n            \u001b[36m<input\u001b[39m\n              \u001b[33mclass\u001b[39m=\u001b[32m\"_input_a4187e\"\u001b[39m\n              \u001b[33mid\u001b[39m=\u001b[32m\"tx-date\"\u001b[39m\n              \u001b[33mrequired\u001b[39m=\u001b[32m\"\"\u001b[39m\n              \u001b[33mtype\u001b[39m=\u001b[32m\"date\"\u001b[39m\n              \u001b[33mvalue\u001b[39m=\u001b[32m\"2026-09-25\"\u001b[39m\n            \u001b[36m/>\u001b[39m\n          \u001b[36m</div>\u001b[39m\n          \u001b[36m<div\u001b[39m\n            \u001b[33mclass\u001b[39m=\u001b[32m\"_field_a4187e\"\u001b[39m\n          \u001b[36m>\u001b[39m\n            \u001b[36m<span\u001b[39m\n              \u001b[33mclass\u001b[39m=\u001b[32m\"_label_a4187e\"\u001b[39m\n              \u001b[33mid\u001b[39m=\u001b[32m\"tx-category-label\"\u001b[39m\n            \u001b[36m>\u001b[39m\n              \u001b[0mCategory\u001b[0m\n            \u001b[36m</span>\u001b[39m\n            \u001b[36m<div\u001b[39m\n              \u001b[33mclass\u001b[39m=\u001b[32m\"_root_d4facd\"\u001b[39m\n            \u001b[36m>\u001b[39m\n              \u001b[36m<button\u001b[39m\n                \u001b[33maria-controls\u001b[39m=\u001b[32m\"tx-category-label-listbox\"\u001b[39m\n                \u001b[33maria-expanded\u001b[39m=\u001b[32m\"false\"\u001b[39m\n                \u001b[33maria-haspopup\u001b[39m=\u001b[32m\"listbox\"\u001b[39m\n                \u001b[33mclass\u001b[39m=\u001b[32m\"_trigger_d4facd\"\u001b[39m\n                \u001b[33mid\u001b[39m=\u001b[32m\"tx-category-label\"\u001b[39m\n                \u001b[33mtype\u001b[39m=\u001b[32m\"button\"\u001b[39m\n              \u001b[36m>\u001b[39m\n                \u001b[36m<span\u001b[39m\n                  \u001b[33mclass\u001b[39m=\u001b[32m\"_triggerLabel_d4facd\"\u001b[39m\n                \u001b[36m>\u001b[39m\n                  \u001b[0mSelect a category\u001b[0m\n                \u001b[36m</span>\u001b[39m\n                \u001b[36m<svg\u001b[39m\n                  \u001b[33maria-hidden\u001b[39m=\u001b[32m\"true\"\u001b[39m\n                  \u001b[33mclass\u001b[39m=\u001b[32m\"_chevron_d4facd\"\u001b[39m\n                  \u001b[33mfill\u001b[39m=\u001b[32m\"none\"\u001b[39m\n                  \u001b[33mheight\u001b[39m=\u001b[32m\"16\"\u001b[39m\n                  \u001b[33mstroke\u001b[39m=\u001b[32m\"currentColor\"\u001b[39m\n                  \u001b[33mstroke-linecap\u001b[39m=\u001b[32m\"round\"\u001b[39m\n                  \u001b[33mstroke-linejoin\u001b[39m=\u001b[32m\"round\"\u001b[39m\n                  \u001b[33mstroke-width\u001b[39m=\u001b[32m\"1.8\"\u001b[39m\n                  \u001b[33mviewBox\u001b[39m=\u001b[32m\"0 0 24 24\"\u001b[39m\n                  \u001b[33mwidth\u001b[39m=\u001b[32m\"16\"\u001b[39m\n                \u001b[36m>\u001b[39m\n                  \u001b[36m<path\u001b[39m\n                    \u001b[33md\u001b[39m=\u001b[32m\"M5 9l7 7 7-7\"\u001b[39m\n                  \u001b[36m/>\u001b[39m\n                \u001b[36m</svg>\u001b[39m\n              \u001b[36m</button>\u001b[39m\n            \u001b[36m</div>\u001b[39m\n          \u001b[36m</div>\u001b[39m\n        \u001b[36m</div>\u001b[39m\n        \u001b[36m<div\u001b[39m\n          \u001b[33mclass\u001b[39m=\u001b[32m\"_row_a4187e\"\u001b[39m\n        \u001b[36m>\u001b[39m\n          \u001b[36m<div\u001b[39m\n            \u001b[33mclass\u001b[39m=\u001b[32m\"_field_a4187e _amountField_a4187e\"\u001b[39m\n          \u001b[36m>\u001b[39m\n            \u001b[36m<label\u001b[39m\n              \u001b[33mclass\u001b[39m=\u001b[32m\"_label_a4187e\"\u001b[39m\n              \u001b[33mfor\u001b[39m=\u001b[32m\"tx-amount\"\u001b[39m\n            \u001b[36m>\u001b[39m\n              \u001b[0mDirection · amount\u001b[0m\n            \u001b[36m</label>\u001b[39m\n            \u001b[36m<div\u001b[39m\n              \u001b[33mclass\u001b[39m=\u001b[32m\"_amountRow_a4187e\"\u001b[39m\n            \u001b[36m>\u001b[39m\n              \u001b[36m<div\u001b[39m\n                \u001b[33maria-label\u001b[39m=\u001b[32m\"Direction\"\u001b[39m\n                \u001b[33mclass\u001b[39m=\u001b[32m\"_signToggle_a4187e\"\u001b[39m\n                \u001b[33mrole\u001b[39m=\u001b[32m\"group\"\u001b[39m\n              \u001b[36m>\u001b[39m\n                \u001b[36m<button\u001b[39m\n                  \u001b[33maria-label\u001b[39m=\u001b[32m\"Expense\"\u001b[39m\n                  \u001b[33maria-pressed\u001b[39m=\u001b[32m\"true\"\u001b[39m\n                  \u001b[33mclass\u001b[39m=\u001b[32m\"_signButton_a4187e _signButtonActive_a4187e\"\u001b[39m\n                  \u001b[33mtype\u001b[39m=\u001b[32m\"button\"\u001b[39m\n                \u001b[36m>\u001b[39m\n                  \u001b[36m<svg\u001b[39m\n                    \u001b[33maria-hidden\u001b[39m=\u001b[32m\"true\"\u001b[39m\n                    \u001b[33mfill\u001b[39m=\u001b[32m\"none\"\u001b[39m\n                    \u001b[33mheight\u001b[39m=\u001b[32m\"14\"\u001b[39m\n                    \u001b[33mstroke\u001b[39m=\u001b[32m\"currentColor\"\u001b[39m\n                    \u001b[33mstroke-linecap\u001b[39m=\u001b[32m\"round\"\u001b[39m\n                    \u001b[33mstroke-linejoin\u001b[39m=\u001b[32m\"round\"\u001b[39m\n                    \u001b[33mstroke-width\u001b[39m=\u001b[32m\"1.8\"\u001b[39m\n                    \u001b[33mviewBox\u001b[39m=\u001b[32m\"0 0 24 24\"\u001b[39m\n                    \u001b[33mwidth\u001b[39m=\u001b[32m\"14\"\u001b[39m\n                  \u001b[36m>\u001b[39m\n                    \u001b[36m<path\u001b[39m\n                      \u001b[33md\u001b[39m=\u001b[32m\"M5 12h14\"\u001b[39m\n                    \u001b[36m/>\u001b[39m\n                  \u001b[36m</svg>\u001b[39m\n                \u001b[36m</button>\u001b[39m\n                \u001b[36m<button\u001b[39m\n                  \u001b[33maria-label\u001b[39m=\u001b[32m\"Income\"\u001b[39m\n                  \u001b[33maria-pressed\u001b[39m=\u001b[32m\"false\"\u001b[39m\n                  \u001b[33mclass\u001b[39m=\u001b[32m\"_signButton_a4187e \"\u001b[39m\n                  \u001b[33mtype\u001b[39m=\u001b[32m\"button\"\u001b[39m\n                \u001b[36m>\u001b[39m\n                  \u001b[36m<svg\u001b[39m\n                    \u001b[33maria-hidden\u001b[39m=\u001b[32m\"true\"\u001b[39m\n                    \u001b[33mfill\u001b[39m=\u001b[32m\"none\"\u001b[39m\n                    \u001b[33mheight\u001b[39m=\u001b[32m\"14\"\u001b[39m\n                    \u001b[33mstroke\u001b[39m=\u001b[32m\"currentColor\"\u001b[39m\n                    \u001b[33mstroke-linecap\u001b[39m=\u001b[32m\"round\"\u001b[39m\n                    \u001b[33mstroke-linejoin\u001b[39m=\u001b[32m\"round\"\u001b[39m\n                    \u001b[33mstroke-width\u001b[39m=\u001b[32m\"1.8\"\u001b[39m\n                    \u001b[33mviewBox\u001b[39m=\u001b[32m\"0 0 24 24\"\u001b[39m\n                    \u001b[33mwidth\u001b[39m=\u001b[32m\"14\"\u001b[39m\n                  \u001b[36m>\u001b[39m\n                    \u001b[36m<path\u001b[39m\n                      \u001b[33md\u001b[39m=\u001b[32m\"M12 5v14M5 12h14\"\u001b[39m\n                    \u001b[36m/>\u001b[39m\n                  \u001b[36m</svg>\u001b[39m\n                \u001b[36m</button>\u001b[39m\n              \u001b[36m</div>\u001b[39m\n              \u001b[36m<div\u001b[39m\n                \u001b[33mclass\u001b[39m=\u001b[32m\"_amountInputWrap_a4187e\"\u001b[39m\n              \u001b[36m>\u001b[39m\n                \u001b[36m<input\u001b[39m\n                  \u001b[33mclass\u001b[39m=\u001b[32m\"_amountInput_a4187e\"\u001b[39m\n                  \u001b[33mid\u001b[39m=\u001b[32m\"tx-amount\"\u001b[39m\n                  \u001b[33minputmode\u001b[39m=\u001b[32m\"decimal\"\u001b[39m\n                  \u001b[33mmin\u001b[39m=\u001b[32m\"0\"\u001b[39m\n                  \u001b[33mplaceholder\u001b[39m=\u001b[32m\"0.00\"\u001b[39m\n                  \u001b[33mrequired\u001b[39m=\u001b[32m\"\"\u001b[39m\n                  \u001b[33mstep\u001b[39m=\u001b[32m\"0.05\"\u001b[39m\n                  \u001b[33mtype\u001b[39m=\u001b[32m\"number\"\u001b[39m\n                  \u001b[33mvalue\u001b[39m=\u001b[32m\"48.9\"\u001b[39m\n                \u001b[36m/>\u001b[39m\n                \u001b[36m<span\u001b[39m\n                  \u001b[33mclass\u001b[39m=\u001b[32m\"_currency_a4187e\"\u001b[39m\n                \u001b[36m>\u001b[39m\n                  \u001b[0mCHF\u001b[0m\n                \u001b[36m</span>\u001b[39m\n              \u001b[36m</div>\u001b[39m\n            \u001b[36m</div>\u001b[39m\n          \u001b[36m</div>\u001b[39m\n        \u001b[36m</div>\u001b[39m\n        \u001b[36m<div\u001b[39m\n          \u001b[33mclass\u001b[39m=\u001b[32m\"_field_a4187e\"\u001b[39m\n        \u001b[36m>\u001b[39m\n          \u001b[36m<label\u001b[39m\n            \u001b[33mclass\u001b[39m=\u001b[32m\"_label_a4187e\"\u001b[39m\n            \u001b[33mfor\u001b[39m=\u001b[32m\"tx-description\"\u001b[39m\n          \u001b[36m>\u001b[39m\n            \u001b[0mDescription\u001b[0m\n          \u001b[36m</label>\u001b[39m\n          \u001b[36m<input\u001b[39m\n            \u001b[33mclass\u001b[39m=\u001b[32m\"_input_a4187e\"\u001b[39m\n            \u001b[33mid\u001b[39m=\u001b[32m\"tx-description\"\u001b[39m\n            \u001b[33mrequired\u001b[39m=\u001b[32m\"\"\u001b[39m\n            \u001b[33mtype\u001b[39m=\u001b[32m\"text\"\u001b[39m\n            \u001b[33mvalue\u001b[39m=\u001b[32m\"Migros\"\u001b[39m\n          \u001b[36m/>\u001b[39m\n        \u001b[36m</div>\u001b[39m\n        \u001b[36m<div\u001b[39m\n          \u001b[33mclass\u001b[39m=\u001b[32m\"_field_a4187e\"\u001b[39m\n        \u001b[36m>\u001b[39m\n          \u001b[36m<span\u001b[39m\n            \u001b[33mclass\u001b[39m=\u001b[32m\"_label_a4187e\"\u001b[39m\n            \u001b[33mid\u001b[39m=\u001b[32m\"tx-tags-label\"\u001b[39m\n          \u001b[36m>\u001b[39m\n            \u001b[0mTags\u001b[0m\n          \u001b[36m</span>\u001b[39m\n          \u001b[36m<div\u001b[39m\n            \u001b[33maria-labelledby\u001b[39m=\u001b[32m\"tx-tags-label\"\u001b[39m\n            \u001b[33mclass\u001b[39m=\u001b[32m\"_tagsField_a4187e\"\u001b[39m\n          \u001b[36m>\u001b[39m\n            \u001b[36m<input\u001b[39m\n              \u001b[33mclass\u001b[39m=\u001b[32m\"_tagInput_a4187e\"\u001b[39m\n              \u001b[33mplaceholder\u001b[39m=\u001b[32m\"Add a tag…\"\u001b[39m\n              \u001b[33mtype\u001b[39m=\u001b[32m\"text\"\u001b[39m\n              \u001b[33mvalue\u001b[39m=\u001b[32m\"\"\u001b[39m\n            \u001b[36m/>\u001b[39m\n          \u001b[36m</div>\u001b[39m\n        \u001b[36m</div>\u001b[39m\n        \u001b[36m<div\u001b[39m\n          \u001b[33mclass\u001b[39m=\u001b[32m\"_footer_a4187e\"\u001b[39m\n        \u001b[36m>\u001b[39m\n          \u001b[36m<label\u001b[39m\n            \u001b[33mclass\u001b[39m=\u001b[32m\"_keepOpen_a4187e\"\u001b[39m\n          \u001b[36m>\u001b[39m\n            \u001b[36m<input\u001b[39m\n              \u001b[33mtype\u001b[39m=\u001b[32m\"checkbox\"\u001b[39m\n            \u001b[36m/>\u001b[39m\n            \u001b[0mKeep open to add another\u001b[0m\n          \u001b[36m</label>\u001b[39m\n          \u001b[36m<div\u001b[
[...]
/>\u001b[39m\n\n  Name \"Expense\":\n  \u001b[36m<button\u001b[39m\n    \u001b[33maria-label\u001b[39m=\u001b[32m\"Expense\"\u001b[39m\n    \u001b[33maria-pressed\u001b[39m=\u001b[32m\"true\"\u001b[39m\n    \u001b[33mclass\u001b[39m=\u001b[32m\"_signButton_a4187e _signButtonActive_a4187e\"\u001b[39m\n    \u001b[33mtype\u001b[39m=\u001b[32m\"button\"\u001b[39m\n  \u001b[36m/>\u001b[39m\n\n  Name \"Income\":\n  \u001b[36m<button\u001b[39m\n    \u001b[33maria-label\u001b[39m=\u001b[32m\"Income\"\u001b[39m\n    \u001b[33maria-pressed\u001b[39m=\u001b[32m\"false\"\u001b[39m\n    \u001b[33mclass\u001b[39m=\u001b[32m\"_signButton_a4187e \"\u001b[39m\n    \u001b[33mtype\u001b[39m=\u001b[32m\"button\"\u001b[39m\n  \u001b[36m/>\u001b[39m\n\n  Name \"Cancel\":\n  \u001b[36m<button\u001b[39m\n    \u001b[33mclass\u001b[39m=\u001b[32m\"_button_0829c1 _secondary_0829c1\"\u001b[39m\n    \u001b[33mtype\u001b[39m=\u001b[32m\"button\"\u001b[39m\n  \u001b[36m/>\u001b[39m\n\n  Name \"Save · ⏎\":\n  \u001b[36m<button\u001b[39m\n    \u001b[33mclass\u001b[39m=\u001b[32m\"_button_0829c1 _primary_0829c1\"\u001b[39m\n    \u001b[33mdisabled\u001b[39m=\u001b[32m\"\"\u001b[39m\n    \u001b[33mtype\u001b[39m=\u001b[32m\"submit\"\u001b[39m\n  \u001b[36m/>\u001b[39m\n\n  --------------------------------------------------\n  group:\n\n  Name \"Direction\":\n  \u001b[36m<div\u001b[39m\n    \u001b[33maria-label\u001b[39m=\u001b[32m\"Direction\"\u001b[39m\n    \u001b[33mclass\u001b[39m=\u001b[32m\"_signToggle_a4187e\"\u001b[39m\n    \u001b[33mrole\u001b[39m=\u001b[32m\"group\"\u001b[39m\n  \u001b[36m/>\u001b[39m\n\n  --------------------------------------------------\n  spinbutton:\n\n  Name \"Direction · amount\":\n  \u001b[36m<input\u001b[39m\n    \u001b[33mclass\u001b[39m=\u001b[32m\"_amountInput_a4187e\"\u001b[39m\n    \u001b[33mid\u001b[39m=\u001b[32m\"tx-amount\"\u001b[39m\n    \u001b[33minputmode\u001b[39m=\u001b[32m\"decimal\"\u001b[39m\n    \u001b[33mmin\u001b[39m=\u001b[32m\"0\"\u001b[39m\n    \u001b[33mplaceholder\u001b[39m=\u001b[32m\"0.00\"\u001b[39m\n    \u001b[33mrequired\u001b[39m=\u001b[32m\"\"\u001b[39m\n    \u001b[33mstep\u001b[39m=\u001b[32m\"0.05\"\u001b[39m\n    \u001b[33mtype\u001b[39m=\u001b[32m\"number\"\u001b[39m\n    \u001b[33mvalue\u001b[39m=\u001b[32m\"48.9\"\u001b[39m\n  \u001b[36m/>\u001b[39m\n\n  --------------------------------------------------\n  textbox:\n\n  Name \"Description\":\n  \u001b[36m<input\u001b[39m\n    \u001b[33mclass\u001b[39m=\u001b[32m\"_input_a4187e\"\u001b[39m\n    \u001b[33mid\u001b[39m=\u001b[32m\"tx-description\"\u001b[39m\n    \u001b[33mrequired\u001b[39m=\u001b[32m\"\"\u001b[39m\n    \u001b[33mtype\u001b[39m=\u001b[32m\"text\"\u001b[39m\n    \u001b[33mvalue\u001b[39m=\u001b[32m\"Migros\"\u001b[39m\n  \u001b[36m/>\u001b[39m\n\n  Name \"\":\n  \u001b[36m<input\u001b[39m\n    \u001b[33mclass\u001b[39m=\u001b[32m\"_tagInput_a4187e\"\u001b[39m\n    \u001b[33mplaceholder\u001b[39m=\u001b[32m\"Add a tag…\"\u001b[39m\n    \u001b[33mtype\u001b[39m=\u001b[32m\"text\"\u001b[39m\n    \u001b[33mvalue\u001b[39m=\u001b[32m\"\"\u001b[39m\n  \u001b[36m/>\u001b[39m\n\n  --------------------------------------------------\n  checkbox:\n\n  Name \"Keep open to add another\":\n  \u001b[36m<input\u001b[39m\n    \u001b[33mtype\u001b[39m=\u001b[32m\"checkbox\"\u001b[39m\n  \u001b[36m/>\u001b[39m\n\n  --------------------------------------------------\n\nIgnored nodes: comments, script, style\n\u001b[36m<body>\u001b[39m\n  \u001b[36m<div />\u001b[39m\n  \u001b[36m<div\u001b[39m\n    \u001b[33mclass\u001b[39m=\u001b[32m\"_backdrop_7cc3ba\"\u001b[39m\n  \u001b[36m>\u001b[39m\n    \u001b[36m<div\u001b[39m\n      \u001b[33maria-labelledby\u001b[39m=\u001b[32m\"transaction-dialog-title\"\u001b[39m\n      \u001b[33maria-modal\u001b[39m=\u001b[32m\"true\"\u001b[39m\n      \u001b[33mclass\u001b[39m=\u001b[32m\"_dialog_7cc3ba\"\u001b[39m\n      \u001b[33mrole\u001b[39m=\u001b[32m\"dialog\"\u001b[39m\n    \u001b[36m>\u001b[39m\n      \u001b[36m<div\u001b[39m\n        \u001b[33mclass\u001b[39m=\u001b[32m\"_header_a4187e\"\u001b[39m\n      \u001b[36m>\u001b[39m\n        \u001b[36m<h2\u001b[39m\n          \u001b[33mclass\u001b[39m=\u001b[32m\"_title_a4187e\"\u001b[39m\n          \u001b[33mid\u001b[39m=\u001b[32m\"transaction-dialog-title\"\u001b[39m\n        \u001b[36m>\u001b[39m\n          \u001b[0mNew transaction\u001b[0m\n        \u001b[36m</h2>\u001b[39m\n        \u001b[36m<span\u001b[39m\n          \u001b[33mclass\u001b[39m=\u001b[32m\"_hint_a4187e\"\u001b[39m\n        \u001b[36m>\u001b[39m\n          \u001b[0mEsc to cancel\u001b[0m\n        \u001b[36m</span>\u001b[39m\n      \u001b[36m</div>\u001b[39m\n      \u001b[36m<form\u001b[39m\n        \u001b[33mclass\u001b[39m=\u001b[32m\"_form_a4187e\"\u001b[39m\n      \u001b[36m>\u001b[39m\n        \u001b[36m<div\u001b[39m\n          \u001b[33mclass\u001b[39m=\u001b[32m\"_row_a4187e\"\u001b[39m\n        \u001b[36m>\u001b[39m\n          \u001b[36m<div\u001b[39m\n            \u001b[33mclass\u001b[39m=\u001b[32m\"_field_a4187e\"\u001b[39m\n          \u001b[36m>\u001b[39m\n            \u001b[36m<label\u001b[39m\n              \u001b[33mclass\u001b[39m=\u001b[32m\"_label_a4187e\"\u001b[39m\n              \u001b[33mfor\u001b[39m=\u001b[32m\"tx-date\"\u001b[39m\n            \u001b[36m>\u001b[39m\n              \u001b[0mDate\u001b[0m\n            \u001b[36m</label>\u001b[39m\n            \u001b[36m<input\u001b[39m\n              \u001b[33mclass\u001b[39m=\u001b[32m\"_input_a4187e\"\u001b[39m\n              \u001b[33mid\u001b[39m=\u001b[32m\"tx-date\"\u001b[39m\n              \u001b[33mrequired\u001b[39m=\u001b[32m\"\"\u001b[39m\n              \u001b[33mtype\u001b[39m=\u001b[32m\"date\"\u001b[39m\n              \u001b[33mvalue\u001b[39m=\u001b[32m\"2026-09-25\"\u001b[39m\n            \u001b[36m/>\u001b[39m\n          \u001b[36m</div>\u001b[39m\n          \u001b[36m<div\u001b[39m\n            \u001b[33mclass\u001b[39m=\u001b[32m\"_field_a4187e\"\u001b[39m\n          \u001b[36m>\u001b[39m\n            \u001b[36m<span\u001b[39m\n              \u001b[33mclass\u001b[39m=\u001b[32m\"_label_a4187e\"\u001b[39m\n              \u001b[33mid\u001b[39m=\u001b[32m\"tx-category-label\"\u001b[39m\n            \u001b[36m>\u001b[39m\n              \u001b[0mCategory\u001b[0m\n            \u001b[36m</span>\u001b[39m\n            \u001b[36m<div\u001b[39m\n              \u001b[33mclass\u001b[39m=\u001b[32m\"_root_d4facd\"\u001b[39m\n            \u001b[36m>\u001b[39m\n              \u001b[36m<button\u001b[39m\n                \u001b[33maria-controls\u001b[39m=\u001b[32m\"tx-category-label-listbox\"\u001b[39m\n                \u001b[33maria-expanded\u001b[39m=\u001b[32m\"false\"\u001b[39m\n                \u001b[33maria-haspopup\u001b[39m=\u001b[32m\"listbox\"\u001b[39m\n                \u001b[33mclass\u001b[39m=\u001b[32m\"_trigger_d4facd\"\u001b[39m\n                \u001b[33mid\u001b[39m=\u001b[32m\"tx-category-label\"\u001b[39m\n                \u001b[33mtype\u001b[39m=\u001b[32m\"button\"\u001b[39m\n              \u001b[36m>\u001b[39m\n                \u001b[36m<span\u001b[39m\n                  \u001b[33mclass\u001b[39m=\u001b[32m\"_triggerLabel_d4facd\"\u001b[39m\n                \u001b[36m>\u001b[39m\n                  \u001b[0mSelect a category\u001b[0m\n                \u001b[36m</span>\u001b[39m\n                \u001b[36m<svg\u001b[39m\n                  \u001b[33maria-hidden\u001b[39m=\u001b[32m\"true\"\u001b[39m\n                  \u001b[33mclass\u001b[39m=\u001b[32m\"_chevron_d4facd\"\u001b[39m\n                  \u001b[33mfill\u001b[39m=\u001b[32m\"none\"\u001b[39m\n                  \u001b[33mheight\u001b[39m=\u001b[32m\"16\"\u001b[39m\n                  \u001b[33mstroke\u001b[39m=\u001b[32m\"currentColor\"\u001b[39m\n                  \u001b[33mstroke-linecap\u001b[39m=\u001b[32m\"round\"\u001b[39m\n                  \u001b[33mstroke-linejoin\u001b[39m=\u001b[32m\"round\"\u001b[39m\n                  \u001b[33mstroke-width\u001b[39m=\u001b[32m\"1.8\"\u001b[39m\n                  \u001b[33mviewBox\u001b[39m=\u001b[32m\"0 0 24 24\"\u001b[39m\n                  \u001b[33mwidth\u001b[39m=\u001b[32m\"16\"\u001b[39m\n                \u001b[36m>\u001b[39m\n                  \u001b[36m<path\u001b[39m\n                    \u001b[33md\u001b[39m=\u001b[32m\"M5 9l7 7 7-7\"\u001b[39m\n                  \u001b[36m/>\u001b[39m\n                \u001b[36m</svg>\u001b[39m\n              \u001b[36m</button>\u001b[39m\n            \u001b[36m</div>\u001b[39m\n          \u001b[36m</div>\u001b[39m\n        \u001b[36m</div>\u001b[39m\n        \u001b[36m<div\u001b[39m\n          \u001b[33mclass\u001b[39m=\u001b[32m\"_row_a4187e\"\u001b[39m\n        \u001b[36m>\u001b[39m\n          \u001b[36m<div\u001b[39m\n            \u001b[33mclass\u001b[39m=\u001b[32m\"_field_a4187e _amountField_a4187e\"\u001b[39m\n          \u001b[36m>\u001b[39m\n            \u001b[36m<label\u001b[39m\n              \u001b[33mclass\u001b[39m=\u001b[32m\"_label_a4187e\"\u001b[39m\n              \u001b[33mfor\u001b[39m=\u001b[32m\"tx-amount\"\u001b[39m\n            \u001b[36m>\u001b[39m\n              \u001b[0mDirection · amount\u001b[0m\n            \u001b[36m</label>\u001b[39m\n            \u001b[36m<div\u001b[39m\n              \u001b[33mclass\u001b[39m=\u001b[32m\"_amountRow_a4187e\"\u001b[39m\n            \u001b[36m>\u001b[39m\n              \u001b[36m<div\u001b[39m\n                \u001b[33maria-label\u001b[39m=\u001b[32m\"Direction\"\u001b[39m\n                \u001b[33mclass\u001b[39m=\u001b[32m\"_signToggle_a4187e\"\u001b[39m\n                \u001b[33mrole\u001b[39m=\u001b[32m\"group\"\u001b[39m\n              \u001b[36m>\u001b[39m\n                \u001b[36m<button\u001b[39m\n                  \u001b[33maria-label\u001b[39m=\u001b[32m\"Expense\"\u001b[39m\n                  \u001b[33maria-pressed\u001b[39m=\u001b[32m\"true\"\u001b[39m\n                  \u001b[33mclass\u001b[39m=\u001b[32m\"_signButton_a4187e _signButtonActive_a4187e\"\u001b[39m\n                  \u001b[33mtype\u001b[39m=\u001b[32m\"button\"\u001b[39m\n                \u001b[36m>\u001b[39m\n                  \u001b[36m<svg\u001b[39m\n                    \u001b[33maria-hidden\u001b[39m=\u001b[32m\"true\"\u001b[39m\n                    \u001b[33mfill\u001b[39m=\u001b[32m\"none\"\u001b[39m\n                    \u001b[33mheight\u001b[39m=\u001b[32m\"14\"\u001b[39m\n                    \u001b[33mstroke\u001b[39m=\u001b[32m\"currentColor\"\u001b[39m\n                    \u001b[33mstroke-linecap\u001b[39m=\u001b[32m\"round\"\u001b[39m\n                    \u001b[33mstroke-linejoin\u001b[39m=\u001b[32m\"round\"\u001b[39m\n                    \u001b[33mstroke-width\u001b[39m=\u001b[32m\"1.8\"\u001b[39m\n                    \u001b[33mviewBox\u001b[39m=\u001b[32m\"0 0 24 24\"\u001b[39m\n                    \u001b[33mwidth\u001b[39m=\u001b[32m\"14\"\u001b[39m\n                  \u001b[36m>\u001b[39m\n                    \u001b[36m<path\u001b[39m\n                      \u001b[33md\u001b[39m=\u001b[32m\"M5 12h14\"\u001b[39m\n                    \u001b[36m/>\u001b[39m\n                  \u001b[36m</svg>\u001b[39m\n                \u001b[36m</button>\u001b[39m\n                \u001b[36m<button\u001b[39m\n                  \u001b[33maria-label\u001b[39m=\u001b[32m\"Income\"\u001b[39m\n                  \u001b[33maria-pressed\u001b[39m=\u001b[32m\"false\"\u001b[39m\n                  \u001b[33mclass\u001b[39m=\u001b[32m\"_signButton_a4187e \"\u001b[39m\n                  \u001b[33mtype\u001b[39m=\u001b[32m\"button\"\u001b[39m\n                \u001b[36m>\u001b[39m\n                  \u001b[36m<svg\u001b[39m\n                    \u001b[33maria-hidden\u001b[39m=\u001b[32m\"true\"\u001b[39m\n                    \u001b[33mfill\u001b[39m=\u001b[32m\"none\"\u001b[39m\n                    \u001b[33mheight\u001b[39m=\u001b[32m\"14\"\u001b[39m\n                    \u001b[33mstroke\u001b[39m=\u001b[32m\"currentColor\"\u001b[39m\n                    \u001b[33mstroke-linecap\u001b[39m=\u001b[32m\"round\"\u001b[39m\n                    \u001b[33mstroke-linejoin\u001b[39m=\u001b[32m\"round\"\u001b[39m\n                    \u001b[33mstroke-width\u001b[39m=\u001b[32m\"1.8\"\u001b[39m\n                    \u001b[33mviewBox\u001b[39m=\u001b[32m\"0 0 24 24\"\u001b[39m\n                    \u001b[33mwidth\u001b[39m=\u001b[32m\"14\"\u001b[39m\n                  \u001b[36m>\u001b[39m\n                    \u001b[36m<path\u001b[39m\n                      \u001b[33md\u001b[39m=\u001b[32m\"M12 5v14M5 12h14\"\u001b[39m\n                    \u001b[36m/>\u001b[39m\n                  \u001b[36m</svg>\u001b[39m\n                \u001b[36m</button>\u001b[39m\n              \u001b[36m</div>\u001b[39m\n              \u001b[36m<div\u001b[39m\n                \u001b[33mclass\u001b[39m=\u001b[32m\"_amountInputWrap_a4187e\"\u001b[39m\n              \u001b[36m>\u001b[39m\n                \u001b[36m<input\u001b[39m\n                  \u001b[33mclass\u001b[39m=\u001b[32m\"_amountInput_a4187e\"\u001b[39m\n                  \u001b[33mid\u001b[39m=\u001b[32m\"tx-amount\"\u001b[39m\n                  \u001b[33minputmode\u001b[39m=\u001b[32m\"decimal\"\u001b[39m\n                  \u001b[33mmin\u001b[39m=\u001b[32m\"0\"\u001b[39m\n                  \u001b[33mplaceholder\u001b[39m=\u001b[32m\"0.00\"\u001b[39m\n                  \u001b[33mrequired\u001b[39m=\u001b[32m\"\"\u001b[39m\n                  \u001b[33mstep\u001b[39m=\u001b[32m\"0.05\"\u001b[39m\n                  \u001b[33mtype\u001b[39m=\u001b[32m\"number\"\u001b[39m\n                  \u001b[33mvalue\u001b[39m=\u001b[32m\"48.9\"\u001b[39m\n                \u001b[36m/>\u001b[39m\n                \u001b[36m<span\u001b[39m\n                  \u001b[33mclass\u001b[39m=\u001b[32m\"_currency_a4187e\"\u001b[39m\n                \u001b[36m>\u001b[39m\n                  \u001b[0mCHF\u001b[0m\n                \u001b[36m</span>\u001b[39m\n              \u001b[36m</div>\u001b[39m\n            \u001b[36m</div>\u001b[39m\n          \u001b[36m</div>\u001b[39m\n        \u001b[36m</div>\u001b[39m\n        \u001b[36m<div\u001b[39m\n          \u001b[33mclass\u001b[39m=\u001b[32m\"_field_a4187e\"\u001b[39m\n        \u001b[36m>\u001b[39m\n          \u001b[36m<label\u001b[39m\n            \u001b[33mclass\u001b[39m=\u001b[32m\"_label_a4187e\"\u001b[39m\n            \u001b[33mfor\u001b[39m=\u001b[32m\"tx-description\"\u001b[39m\n          \u001b[36m>\u001b[39m\n            \u001b[0mDescription\u001b[0m\n          \u001b[36m</label>\u001b[39m\n          \u001b[36m<input\u001b[39m\n            \u001b[33mclass\u001b[39m=\u001b[32m\"_input_a4187e\"\u001b[39m\n            \u001b[33mid\u001b[39m=\u001b[32m\"tx-description\"\u001b[39m\n            \u001b[33mrequired\u001b[39m=\u001b[32m\"\"\u001b[39m\n            \u001b[33mtype\u001b[39m=\u001b[32m\"text\"\u001b[39m\n            \u001b[33mvalue\u001b[39m=\u001b[32m\"Migros\"\u001b[39m\n          \u001b[36m/>\u001b[39m\n        \u001b[36m</div>\u001b[39m\n        \u001b[36m<div\u001b[39m\n          \u001b[33mclass\u001b[39m=\u001b[32m\"_field_a4187e\"\u001b[39m\n        \u001b[36m>\u001b[39m\n          \u001b[36m<span\u001b[39m\n            \u001b[33mclass\u001b[39m=\u001b[32m\"_label_a4187e\"\u001b[39m\n            \u001b[33mid\u001b[39m=\u001b[32m\"tx-tags-label\"\u001b[39m\n          \u001b[36m>\u001b[39m\n            \u001b[0mTags\u001b[0m\n          \u001b[36m</span>\u001b[39m\n          \u001b[36m<div\u001b[39m\n            \u001b[33maria-labelledby\u001b[39m=\u001b[32m\"tx-tags-label\"\u001b[39m\n            \u001b[33mclass\u001b[39m=\u001b[32m\"_tagsField_a4187e\"\u001b[39m\n          \u001b[36m>\u001b[39m\n            \u001b[36m<input\u001b[39m\n              \u001b[33mclass\u001b[39m=\u001b[32m\"_tagInput_a4187e\"\u001b[39m\n              \u001b[33mplaceholder\u001b[39m=\u001b[32m\"Add a tag…\"\u001b[39m\n              \u001b[33mtype\u001b[39m=\u001b[32m\"text\"\u001b[39m\n              \u001b[33mvalue\u001b[39m=\u001b[32m\"\"\u001b[39m\n            \u001b[36m/>\u001b[39m\n          \u001b[36m</div>\u001b[39m\n        \u001b[36m</div>\u001b[39m\n        \u001b[36m<div\u001b[39m\n          \u001b[33mclass\u001b[39m=\u001b[32m\"_footer_a4187e\"\u001b[39m\n        \u001b[36m>\u001b[39m\n          \u001b[36m<label\u001b[39m\n            \u001b[33mclass\u001b[39m=\u001b[32m\"_keepOpen_a4187e\"\u001b[39m\n          \u001b[36m>\u001b[39m\n            \u001b[36m<input\u001b[39m\n              \u001b[33mtype\u001b[39m=\u001b[32m\"checkbox\"\u001b[39m\n            \u001b[36m/>\u001b[39m\n            \u001b[0mKeep open to add another\u001b[0m\n          \u001b[36m</label>\u001b[39m\n          \u001b[36m<div\u001b[39m\n            \u001b[33mclass\u001b[39m=\u001b[32m\"_footerActions_a4187e\"\u001b[39m\n          \u001b[36m>\u001b[39m\n            \u001b[36m<button\u001b[39m\n              \u001b[33mclass\u001b[39m=\u001b[32m\"_button_0829c1 _secondary_0829c1\"\u001b[39m\n              \u001b[33mtype\u001b[39m=\u001b[32m\"button\"\u001b[39m\n            \u001b[36m>\u001b[39m\n              \u001b[0mCancel\u001b[0m\n            \u001b[36m</button>\u001b[39m\n            \u001b[36m<button\u001b[39m\n              \u001b[33mclass\u001b[39m=\u001b[32m\"_button_0829c1 _primary_0829c1\"\u001b[39m\n              \u001b[33mdisabled\u001b[39m=\u001b[32m\"\"\u001b[39m\n              \u001b[33mtype\u001b[39m=\u001b[32m\"submit\"\u001b[39m\n            \u001b[36m>\u001b[39m\n              \u001b[0mSave · ⏎\u001b[0m\n            \u001b[36m</button>\u001b[39m\n          \u001b[36m</div>\u001b[39m\n        \u001b[36m</div>\u001b[39m\n      \u001b[36m</form>\u001b[39m\n    \u001b[36m</div>\u001b[39m\n  \u001b[36m</div>\u001b[39m\n\u001b[36m</body>\u001b[39m\n    at Object.getElementError (C:\\Users\\prave\\cleard\\frontend\\node_modules\\@testing-library\\dom\\dist\\config.js:37:19)\n    at C:\\Users\\prave\\cleard\\frontend\\node_modules\\@testing-library\\dom\\dist\\query-helpers.js:76:38\n    at C:\\Users\\prave\\cleard\\frontend\\node_modules\\@testing-library\\dom\\dist\\query-helpers.js:52:17\n    at getByRole (C:\\Users\\prave\\cleard\\frontend\\node_modules\\@testing-library\\dom\\dist\\query-helpers.js:95:19)\n    at pickCategory (C:\\Users\\prave\\cleard\\frontend\\src\\features\\transactions\\TransactionDialog.test.tsx:42:29)\n    at fillCommonFields (C:\\Users\\prave\\cleard\\frontend\\src\\features\\transactions\\TransactionDialog.test.tsx:48:5)\n    at C:\\Users\\prave\\cleard\\frontend\\src\\features\\transactions\\TransactionDialog.test.tsx:205:9\n    at file:///C:/Users/prave/cleard/frontend/node_modules/@vitest/runner/dist/chunk-hooks.js:752:20"],"meta":{}},{"ancestorTitles":["TransactionDialog"],"fullName":"TransactionDialog Save is disabled until description, amount and category are filled","status":"passed","title":"Save is disabled until description, amount and category are filled","duration":10.901600000000144,"failureMessages":[],"meta":{}},{"ancestorTitles":["TransactionDialog"],"fullName":"TransactionDialog in edit mode the form starts filled with the transaction","status":"passed","title":"in edit mode the form starts filled with the transaction","duration":22.28189999999995,"failureMessages":[],"meta":{}},{"ancestorTitles":["TransactionDialog"],"fullName":"TransactionDialog editing submits the changed fields and offers no \"keep open\"","status":"passed","title":"editing submits the changed fields and offers no \"keep open\"","duration":203.42039999999997,"failureMessages":[],"meta":{}},{"ancestorTitles":["TransactionDialog"],"fullName":"TransactionDialog an income transaction opens with the positive sign preselected","status":"passed","title":"an income transaction opens with the positive sign preselected","duration":11.247599999999693,"failureMessages":[],"meta":{}}],"startTime":1790178145144,"endTime":1790178147683.2476,"status":"failed","message":"","name":"C:/Users/prave/cleard/frontend/src/features/transactions/TransactionDialog.test.tsx"}]}